2024-09-01 15:48:58,675 [Worker-7: Loading available Gradle versions] INFO  o.e.b.c.i.u.g.PublishedGradleVersions - Gradle version information cache is up-to-date. Trying to read.
2024-09-01 15:50:44,671 [Worker-16: Building] INFO  o.e.m.c.i.l.LifecycleMappingFactory - Using org.maven.ide.eclipse.wtp.WarLifecycleMapping lifecycle mapping for MavenProject: com.damoim:TeamRecoderSemiProject:0.0.1-SNAPSHOT @ C:\Users\손정배\Desktop\chat\pom.xml.
2024-09-01 15:50:45,330 [Worker-16: Building] INFO  o.a.m.s.f.DefaultMavenResourcesFiltering - Copying 1 resource from src\main\resources to target\classes
2024-09-01 15:50:45,339 [Worker-16: Building] INFO  o.a.m.s.f.DefaultMavenResourcesFiltering - Copying 1 resource from src\main\resources to target\classes
2024-09-01 15:50:45,345 [Worker-16: Building] INFO  o.a.m.s.f.DefaultMavenResourcesFiltering - skip non existing resourceDirectory C:\Users\손정배\Desktop\chat\src\test\resources
2024-09-01 15:50:45,707 [Worker-32: Building] INFO  o.a.m.s.f.DefaultMavenResourcesFiltering - Copying 1 resource from src\main\resources to target\classes
2024-09-01 15:50:45,708 [Worker-32: Building] INFO  o.a.m.s.f.DefaultMavenResourcesFiltering - Copying 1 resource from src\main\resources to target\classes
2024-09-01 15:50:45,712 [Worker-32: Building] INFO  o.a.m.s.f.DefaultMavenResourcesFiltering - skip non existing resourceDirectory C:\Users\손정배\Desktop\chat\src\test\resources
2024-09-01 15:50:45,713 [Worker-32: Building] INFO  o.e.m.w.i.f.ResourceFilteringBuildParticipant - Changed resources require a complete clean of filtered resources of chat
2024-09-01 15:50:45,713 [Worker-32: Building] INFO  o.e.m.w.i.f.ResourceFilteringBuildParticipant - Executing resource filtering for chat
2024-09-01 15:59:25,914 [Worker-1: Loading available Gradle versions] INFO  o.e.b.c.i.u.g.PublishedGradleVersions - Gradle version information cache is up-to-date. Trying to read.
2024-09-01 15:59:46,705 [Worker-17: Import Getting Started Content] INFO  o.e.m.c.i.l.LifecycleMappingFactory - Using org.eclipse.m2e.jdt.JarLifecycleMapping lifecycle mapping for MavenProject: com.chat:chat:0.0.1-SNAPSHOT @ C:\Users\손정배\Desktop\Github.Local\chat-workspace\chat\pom.xml.
2024-09-01 15:59:47,120 [Worker-17: Import Getting Started Content] INFO  o.e.m.j.i.AbstractJavaProjectConfigurator - Adding source folder /chat/src/main/java
2024-09-01 15:59:47,121 [Worker-17: Import Getting Started Content] INFO  o.e.m.j.i.AbstractJavaProjectConfigurator - Adding resource folder /chat/src/main/resources
2024-09-01 15:59:47,123 [Worker-17: Import Getting Started Content] INFO  o.e.m.j.i.AbstractJavaProjectConfigurator - Adding resource folder /chat/src/main/resources
2024-09-01 15:59:47,125 [Worker-17: Import Getting Started Content] INFO  o.e.m.j.i.AbstractJavaProjectConfigurator - Adding source folder /chat/src/test/java
2024-09-01 15:59:47,126 [Worker-17: Import Getting Started Content] INFO  o.e.m.j.i.AbstractJavaProjectConfigurator - Adding resource folder /chat/src/test/resources
2024-09-01 15:59:47,368 [Worker-17: Import Getting Started Content] INFO  o.e.m.c.i.p.ProjectConfigurationManager - Imported and configured 1 project(s) in 1 sec
2024-09-01 15:59:47,369 [Worker-17: Import Getting Started Content] INFO  o.e.m.c.i.p.ProjectConfigurationManager - Update started
2024-09-01 15:59:47,517 [Worker-17: Import Getting Started Content] INFO  o.e.m.c.i.l.LifecycleMappingFactory - Using org.eclipse.m2e.jdt.JarLifecycleMapping lifecycle mapping for MavenProject: com.chat:chat:0.0.1-SNAPSHOT @ C:\Users\손정배\Desktop\Github.Local\chat-workspace\chat\pom.xml.
2024-09-01 15:59:47,662 [Worker-17: Import Getting Started Content] INFO  o.e.m.j.i.AbstractJavaProjectConfigurator - Adding source folder /chat/src/main/java
2024-09-01 15:59:47,663 [Worker-17: Import Getting Started Content] INFO  o.e.m.j.i.AbstractJavaProjectConfigurator - Adding resource folder /chat/src/main/resources
2024-09-01 15:59:47,663 [Worker-17: Import Getting Started Content] INFO  o.e.m.j.i.AbstractJavaProjectConfigurator - Adding resource folder /chat/src/main/resources
2024-09-01 15:59:47,663 [Worker-17: Import Getting Started Content] INFO  o.e.m.j.i.AbstractJavaProjectConfigurator - Adding source folder /chat/src/test/java
2024-09-01 15:59:47,663 [Worker-17: Import Getting Started Content] INFO  o.e.m.j.i.AbstractJavaProjectConfigurator - Adding resource folder /chat/src/test/resources
2024-09-01 15:59:47,845 [Worker-17: Import Getting Started Content] INFO  o.e.m.c.i.p.ProjectConfigurationManager - Update completed for 1 poms: local refresh takes 0.00 sec, refresh facades takes 0.00 sec, update config takes 0.00 sec 
2024-09-01 15:59:48,489 [Worker-8: Building] INFO  o.a.m.s.f.DefaultMavenResourcesFiltering - Copying 1 resource from src\main\resources to target\classes
2024-09-01 15:59:48,501 [Worker-8: Building] INFO  o.a.m.s.f.DefaultMavenResourcesFiltering - Copying 0 resource from src\main\resources to target\classes
2024-09-01 15:59:48,506 [Worker-8: Building] INFO  o.a.m.s.f.DefaultMavenResourcesFiltering - skip non existing resourceDirectory C:\Users\손정배\Desktop\Github.Local\chat-workspace\chat\src\test\resources
2024-09-01 16:00:39,773 [Worker-20: Building] INFO  o.e.m.c.i.l.LifecycleMappingFactory - Using org.maven.ide.eclipse.wtp.WarLifecycleMapping lifecycle mapping for MavenProject: com.damoim:TeamRecoderSemiProject:0.0.1-SNAPSHOT @ C:\Users\손정배\Desktop\Github.Local\chat-workspace\chat\pom.xml.
2024-09-01 16:00:40,076 [Worker-20: Building] INFO  o.a.m.s.f.DefaultMavenResourcesFiltering - Copying 0 resource from src\main\resources to target\classes
2024-09-01 16:00:40,077 [Worker-20: Building] INFO  o.a.m.s.f.DefaultMavenResourcesFiltering - Copying 0 resource from src\main\resources to target\classes
2024-09-01 16:00:40,078 [Worker-20: Building] INFO  o.a.m.s.f.DefaultMavenResourcesFiltering - skip non existing resourceDirectory C:\Users\손정배\Desktop\Github.Local\chat-workspace\chat\src\test\resources
2024-09-01 16:00:40,080 [Worker-20: Building] INFO  o.e.m.w.i.f.ResourceFilteringBuildParticipant - Changed resources require a complete clean of filtered resources of chat
2024-09-01 16:00:40,080 [Worker-20: Building] INFO  o.e.m.w.i.f.ResourceFilteringBuildParticipant - Executing resource filtering for chat
2024-09-01 16:00:40,212 [Worker-4: Updating Maven Project] INFO  o.e.m.c.i.p.ProjectConfigurationManager - Update started
2024-09-01 16:00:40,373 [Worker-4: Updating Maven Project] INFO  o.e.m.c.i.l.LifecycleMappingFactory - Using org.maven.ide.eclipse.wtp.WarLifecycleMapping lifecycle mapping for MavenProject: com.damoim:TeamRecoderSemiProject:0.0.1-SNAPSHOT @ C:\Users\손정배\Desktop\Github.Local\chat-workspace\chat\pom.xml.
2024-09-01 16:00:40,813 [Worker-4: Updating Maven Project] INFO  o.e.m.j.i.AbstractJavaProjectConfigurator - Adding source folder /chat/src/main/java
2024-09-01 16:00:40,814 [Worker-4: Updating Maven Project] INFO  o.e.m.j.i.AbstractJavaProjectConfigurator - Adding resource folder /chat/src/main/resources
2024-09-01 16:00:40,814 [Worker-4: Updating Maven Project] INFO  o.e.m.j.i.AbstractJavaProjectConfigurator - Adding resource folder /chat/src/main/resources
2024-09-01 16:00:40,815 [Worker-4: Updating Maven Project] INFO  o.e.m.j.i.AbstractJavaProjectConfigurator - Adding source folder /chat/src/test/java
2024-09-01 16:00:40,815 [Worker-4: Updating Maven Project] INFO  o.e.m.j.i.AbstractJavaProjectConfigurator - Adding resource folder /chat/src/test/resources
2024-09-01 16:00:41,759 [Worker-4: Updating Maven Project] INFO  o.e.m.w.i.f.ResourceFilteringBuildParticipant - Cleaning filtered folder for chat
2024-09-01 16:00:41,891 [Worker-4: Updating Maven Project] INFO  o.e.m.c.i.p.ProjectConfigurationManager - Update completed for 1 poms: local refresh takes 0.00 sec, refresh facades takes 0.00 sec, update config takes 0.00 sec 
2024-09-01 16:00:42,200 [Worker-23: Building] INFO  o.a.m.s.f.DefaultMavenResourcesFiltering - Copying 1 resource from src\main\resources to target\classes
2024-09-01 16:00:42,208 [Worker-23: Building] INFO  o.a.m.s.f.DefaultMavenResourcesFiltering - Copying 0 resource from src\main\resources to target\classes
2024-09-01 16:00:42,210 [Worker-23: Building] INFO  o.a.m.s.f.DefaultMavenResourcesFiltering - skip non existing resourceDirectory C:\Users\손정배\Desktop\Github.Local\chat-workspace\chat\src\test\resources
2024-09-01 16:00:42,210 [Worker-23: Building] INFO  o.e.m.w.i.f.ResourceFilteringBuildParticipant - Changed resources require a complete clean of filtered resources of chat
2024-09-01 16:00:42,210 [Worker-23: Building] INFO  o.e.m.w.i.f.ResourceFilteringBuildParticipant - Executing resource filtering for chat
2024-09-01 16:00:43,328 [Worker-15: Building] INFO  o.a.m.s.f.DefaultMavenResourcesFiltering - Copying 0 resource from src\main\resources to target\classes
2024-09-01 16:00:43,328 [Worker-15: Building] INFO  o.a.m.s.f.DefaultMavenResourcesFiltering - Copying 0 resource from src\main\resources to target\classes
2024-09-01 16:00:43,330 [Worker-15: Building] INFO  o.a.m.s.f.DefaultMavenResourcesFiltering - skip non existing resourceDirectory C:\Users\손정배\Desktop\Github.Local\chat-workspace\chat\src\test\resources
2024-09-01 16:01:10,753 [Worker-21: Building] INFO  o.a.m.s.f.DefaultMavenResourcesFiltering - Copying 1 resource from src\main\resources to target\classes
2024-09-01 16:01:10,759 [Worker-21: Building] INFO  o.a.m.s.f.DefaultMavenResourcesFiltering - Copying 0 resource from src\main\resources to target\classes
2024-09-01 16:01:10,761 [Worker-21: Building] INFO  o.a.m.s.f.DefaultMavenResourcesFiltering - skip non existing resourceDirectory C:\Users\손정배\Desktop\Github.Local\chat-workspace\chat\src\test\resources
2024-09-01 16:01:32,659 [Worker-22: Building] INFO  o.a.m.s.f.DefaultMavenResourcesFiltering - Copying 0 resource from src\main\resources to target\classes
2024-09-01 16:01:32,660 [Worker-22: Building] INFO  o.a.m.s.f.DefaultMavenResourcesFiltering - Copying 1 resource from src\main\resources to target\classes
2024-09-01 16:01:32,663 [Worker-22: Building] INFO  o.a.m.s.f.DefaultMavenResourcesFiltering - skip non existing resourceDirectory C:\Users\손정배\Desktop\Github.Local\chat-workspace\chat\src\test\resources
2024-09-01 16:01:48,344 [Worker-0: Building] INFO  o.a.m.s.f.DefaultMavenResourcesFiltering - Copying 1 resource from src\main\resources to target\classes
2024-09-01 16:01:48,347 [Worker-0: Building] INFO  o.a.m.s.f.DefaultMavenResourcesFiltering - Copying 1 resource from src\main\resources to target\classes
2024-09-01 16:01:48,348 [Worker-0: Building] INFO  o.a.m.s.f.DefaultMavenResourcesFiltering - skip non existing resourceDirectory C:\Users\손정배\Desktop\Github.Local\chat-workspace\chat\src\test\resources
2024-09-01 16:01:59,708 [Worker-6: Building] INFO  o.a.m.s.f.DefaultMavenResourcesFiltering - Copying 1 resource from src\main\resources to target\classes
2024-09-01 16:01:59,710 [Worker-6: Building] INFO  o.a.m.s.f.DefaultMavenResourcesFiltering - Copying 1 resource from src\main\resources to target\classes
2024-09-01 16:01:59,711 [Worker-6: Building] INFO  o.a.m.s.f.DefaultMavenResourcesFiltering - skip non existing resourceDirectory C:\Users\손정배\Desktop\Github.Local\chat-workspace\chat\src\test\resources
2024-09-01 16:02:20,830 [Worker-17: Building] INFO  o.a.m.s.f.DefaultMavenResourcesFiltering - Copying 1 resource from src\main\resources to target\classes
2024-09-01 16:02:20,832 [Worker-17: Building] INFO  o.a.m.s.f.DefaultMavenResourcesFiltering - Copying 1 resource from src\main\resources to target\classes
2024-09-01 16:02:20,833 [Worker-17: Building] INFO  o.a.m.s.f.DefaultMavenResourcesFiltering - skip non existing resourceDirectory C:\Users\손정배\Desktop\Github.Local\chat-workspace\chat\src\test\resources
2024-09-01 16:02:30,401 [Worker-22: Building] INFO  o.a.m.s.f.DefaultMavenResourcesFiltering - Copying 1 resource from src\main\resources to target\classes
2024-09-01 16:02:30,402 [Worker-22: Building] INFO  o.a.m.s.f.DefaultMavenResourcesFiltering - Copying 1 resource from src\main\resources to target\classes
2024-09-01 16:02:30,404 [Worker-22: Building] INFO  o.a.m.s.f.DefaultMavenResourcesFiltering - skip non existing resourceDirectory C:\Users\손정배\Desktop\Github.Local\chat-workspace\chat\src\test\resources
2024-09-01 16:02:37,928 [Worker-4: Building] INFO  o.a.m.s.f.DefaultMavenResourcesFiltering - Copying 1 resource from src\main\resources to target\classes
2024-09-01 16:02:37,929 [Worker-4: Building] INFO  o.a.m.s.f.DefaultMavenResourcesFiltering - Copying 1 resource from src\main\resources to target\classes
2024-09-01 16:02:37,931 [Worker-4: Building] INFO  o.a.m.s.f.DefaultMavenResourcesFiltering - skip non existing resourceDirectory C:\Users\손정배\Desktop\Github.Local\chat-workspace\chat\src\test\resources
2024-09-01 16:02:42,260 [Worker-16: Building] INFO  o.a.m.s.f.DefaultMavenResourcesFiltering - Copying 1 resource from src\main\resources to target\classes
2024-09-01 16:02:42,269 [Worker-16: Building] INFO  o.a.m.s.f.DefaultMavenResourcesFiltering - Copying 1 resource from src\main\resources to target\classes
2024-09-01 16:02:42,270 [Worker-16: Building] INFO  o.a.m.s.f.DefaultMavenResourcesFiltering - skip non existing resourceDirectory C:\Users\손정배\Desktop\Github.Local\chat-workspace\chat\src\test\resources
2024-09-01 16:02:56,801 [Worker-4: Building] INFO  o.a.m.s.f.DefaultMavenResourcesFiltering - Copying 1 resource from src\main\resources to target\classes
2024-09-01 16:02:56,803 [Worker-4: Building] INFO  o.a.m.s.f.DefaultMavenResourcesFiltering - Copying 1 resource from src\main\resources to target\classes
2024-09-01 16:02:56,804 [Worker-4: Building] INFO  o.a.m.s.f.DefaultMavenResourcesFiltering - skip non existing resourceDirectory C:\Users\손정배\Desktop\Github.Local\chat-workspace\chat\src\test\resources
2024-09-01 16:03:03,394 [Worker-4: Building] INFO  o.a.m.s.f.DefaultMavenResourcesFiltering - Copying 1 resource from src\main\resources to target\classes
2024-09-01 16:03:03,396 [Worker-4: Building] INFO  o.a.m.s.f.DefaultMavenResourcesFiltering - Copying 1 resource from src\main\resources to target\classes
2024-09-01 16:03:03,397 [Worker-4: Building] INFO  o.a.m.s.f.DefaultMavenResourcesFiltering - skip non existing resourceDirectory C:\Users\손정배\Desktop\Github.Local\chat-workspace\chat\src\test\resources
2024-09-01 16:03:20,480 [Worker-8: Building] INFO  o.a.m.s.f.DefaultMavenResourcesFiltering - Copying 1 resource from src\main\resources to target\classes
2024-09-01 16:03:20,481 [Worker-8: Building] INFO  o.a.m.s.f.DefaultMavenResourcesFiltering - Copying 1 resource from src\main\resources to target\classes
2024-09-01 16:03:20,483 [Worker-8: Building] INFO  o.a.m.s.f.DefaultMavenResourcesFiltering - skip non existing resourceDirectory C:\Users\손정배\Desktop\Github.Local\chat-workspace\chat\src\test\resources
2024-09-01 16:03:24,682 [Worker-20: Building] INFO  o.a.m.s.f.DefaultMavenResourcesFiltering - Copying 1 resource from src\main\resources to target\classes
2024-09-01 16:03:24,684 [Worker-20: Building] INFO  o.a.m.s.f.DefaultMavenResourcesFiltering - Copying 1 resource from src\main\resources to target\classes
2024-09-01 16:03:24,685 [Worker-20: Building] INFO  o.a.m.s.f.DefaultMavenResourcesFiltering - skip non existing resourceDirectory C:\Users\손정배\Desktop\Github.Local\chat-workspace\chat\src\test\resources
2024-09-01 16:04:04,466 [Worker-2: Building] INFO  o.a.m.s.f.DefaultMavenResourcesFiltering - Copying 0 resource from src\main\resources to target\classes
2024-09-01 16:04:04,466 [Worker-2: Building] INFO  o.a.m.s.f.DefaultMavenResourcesFiltering - Copying 0 resource from src\main\resources to target\classes
2024-09-01 16:04:04,467 [Worker-2: Building] INFO  o.a.m.s.f.DefaultMavenResourcesFiltering - skip non existing resourceDirectory C:\Users\손정배\Desktop\Github.Local\chat-workspace\chat\src\test\resources
2024-09-01 16:15:53,006 [Worker-33: Building] INFO  o.e.m.c.i.l.LifecycleMappingFactory - Using org.eclipse.m2e.jdt.JarLifecycleMapping lifecycle mapping for MavenProject: com.damoim:TeamRecoderSemiProject:0.0.1-SNAPSHOT @ C:\Users\손정배\Desktop\Github.Local\chat-workspace\chat\pom.xml.
2024-09-01 16:15:53,262 [Worker-33: Building] INFO  o.a.m.s.f.DefaultMavenResourcesFiltering - Copying 1 resource from src\main\resources to target\classes
2024-09-01 16:15:53,267 [Worker-33: Building] INFO  o.a.m.s.f.DefaultMavenResourcesFiltering - Copying 1 resource from src\main\resources to target\classes
2024-09-01 16:15:53,270 [Worker-33: Building] INFO  o.a.m.s.f.DefaultMavenResourcesFiltering - skip non existing resourceDirectory C:\Users\손정배\Desktop\Github.Local\chat-workspace\chat\src\test\resources
2024-09-01 16:15:53,400 [Worker-32: Updating Maven Project] INFO  o.e.m.c.i.p.ProjectConfigurationManager - Update started
2024-09-01 16:15:53,533 [Worker-32: Updating Maven Project] INFO  o.e.m.c.i.l.LifecycleMappingFactory - Using org.eclipse.m2e.jdt.JarLifecycleMapping lifecycle mapping for MavenProject: com.damoim:TeamRecoderSemiProject:0.0.1-SNAPSHOT @ C:\Users\손정배\Desktop\Github.Local\chat-workspace\chat\pom.xml.
2024-09-01 16:15:53,701 [Worker-32: Updating Maven Project] INFO  o.e.m.j.i.AbstractJavaProjectConfigurator - Adding source folder /chat/src/main/java
2024-09-01 16:15:53,701 [Worker-32: Updating Maven Project] INFO  o.e.m.j.i.AbstractJavaProjectConfigurator - Adding resource folder /chat/src/main/resources
2024-09-01 16:15:53,702 [Worker-32: Updating Maven Project] INFO  o.e.m.j.i.AbstractJavaProjectConfigurator - Adding resource folder /chat/src/main/resources
2024-09-01 16:15:53,702 [Worker-32: Updating Maven Project] INFO  o.e.m.j.i.AbstractJavaProjectConfigurator - Adding source folder /chat/src/test/java
2024-09-01 16:15:53,702 [Worker-32: Updating Maven Project] INFO  o.e.m.j.i.AbstractJavaProjectConfigurator - Adding resource folder /chat/src/test/resources
2024-09-01 16:15:53,963 [Worker-32: Updating Maven Project] INFO  o.e.m.c.i.p.ProjectConfigurationManager - Update completed for 1 poms: local refresh takes 0.00 sec, refresh facades takes 0.00 sec, update config takes 0.00 sec 
2024-09-01 16:15:54,429 [Worker-35: Building] INFO  o.a.m.s.f.DefaultMavenResourcesFiltering - Copying 1 resource from src\main\resources to target\classes
2024-09-01 16:15:54,440 [Worker-35: Building] INFO  o.a.m.s.f.DefaultMavenResourcesFiltering - Copying 1 resource from src\main\resources to target\classes
2024-09-01 16:15:54,445 [Worker-35: Building] INFO  o.a.m.s.f.DefaultMavenResourcesFiltering - skip non existing resourceDirectory C:\Users\손정배\Desktop\Github.Local\chat-workspace\chat\src\test\resources
2024-09-01 16:16:35,440 [Worker-30: Launching Executing clean in C__Users_손정배_Desktop_Github.Local_chat-workspace_chat] INFO  o.eclipse.m2e.core.internal.Bundles - getClasspathEntries(Bundle=org.eclipse.m2e.maven.runtime_3.9.700.20240602-2313 [645])
2024-09-01 16:16:35,441 [Worker-30: Launching Executing clean in C__Users_손정배_Desktop_Github.Local_chat-workspace_chat] INFO  o.eclipse.m2e.core.internal.Bundles - 	Entry: C:\project\eclipse-jee-2024-06-R-win32-x86_64\eclipse\plugins\org.eclipse.m2e.maven.runtime_3.9.700.20240602-2313
2024-09-01 16:16:35,441 [Worker-30: Launching Executing clean in C__Users_손정배_Desktop_Github.Local_chat-workspace_chat] INFO  o.eclipse.m2e.core.internal.Bundles - 	Entry: C:\project\eclipse-jee-2024-06-R-win32-x86_64\eclipse\plugins\org.eclipse.m2e.maven.runtime_3.9.700.20240602-2313\jars\aopalliance-1.0.jar
2024-09-01 16:16:35,441 [Worker-30: Launching Executing clean in C__Users_손정배_Desktop_Github.Local_chat-workspace_chat] INFO  o.eclipse.m2e.core.internal.Bundles - 	Entry: C:\project\eclipse-jee-2024-06-R-win32-x86_64\eclipse\plugins\org.eclipse.m2e.maven.runtime_3.9.700.20240602-2313\jars\guice-5.1.0.jar
2024-09-01 16:16:35,441 [Worker-30: Launching Executing clean in C__Users_손정배_Desktop_Github.Local_chat-workspace_chat] INFO  o.eclipse.m2e.core.internal.Bundles - 	Entry: C:\project\eclipse-jee-2024-06-R-win32-x86_64\eclipse\plugins\org.eclipse.m2e.maven.runtime_3.9.700.20240602-2313\jars\httpclient-4.5.14.jar
2024-09-01 16:16:35,441 [Worker-30: Launching Executing clean in C__Users_손정배_Desktop_Github.Local_chat-workspace_chat] INFO  o.eclipse.m2e.core.internal.Bundles - 	Entry: C:\project\eclipse-jee-2024-06-R-win32-x86_64\eclipse\plugins\org.eclipse.m2e.maven.runtime_3.9.700.20240602-2313\jars\httpcore-4.4.16.jar
2024-09-01 16:16:35,441 [Worker-30: Launching Executing clean in C__Users_손정배_Desktop_Github.Local_chat-workspace_chat] INFO  o.eclipse.m2e.core.internal.Bundles - 	Entry: C:\project\eclipse-jee-2024-06-R-win32-x86_64\eclipse\plugins\org.eclipse.m2e.maven.runtime_3.9.700.20240602-2313\jars\jansi-2.4.1.jar
2024-09-01 16:16:35,441 [Worker-30: Launching Executing clean in C__Users_손정배_Desktop_Github.Local_chat-workspace_chat] INFO  o.eclipse.m2e.core.internal.Bundles - 	Entry: C:\project\eclipse-jee-2024-06-R-win32-x86_64\eclipse\plugins\org.eclipse.m2e.maven.runtime_3.9.700.20240602-2313\jars\jcl-over-slf4j-1.7.36.jar
2024-09-01 16:16:35,441 [Worker-30: Launching Executing clean in C__Users_손정배_Desktop_Github.Local_chat-workspace_chat] INFO  o.eclipse.m2e.core.internal.Bundles - 	Entry: C:\project\eclipse-jee-2024-06-R-win32-x86_64\eclipse\plugins\org.eclipse.m2e.maven.runtime_3.9.700.20240602-2313\jars\maven-artifact-3.9.7.jar
2024-09-01 16:16:35,441 [Worker-30: Launching Executing clean in C__Users_손정배_Desktop_Github.Local_chat-workspace_chat] INFO  o.eclipse.m2e.core.internal.Bundles - 	Entry: C:\project\eclipse-jee-2024-06-R-win32-x86_64\eclipse\plugins\org.eclipse.m2e.maven.runtime_3.9.700.20240602-2313\jars\maven-builder-support-3.9.7.jar
2024-09-01 16:16:35,441 [Worker-30: Launching Executing clean in C__Users_손정배_Desktop_Github.Local_chat-workspace_chat] INFO  o.eclipse.m2e.core.internal.Bundles - 	Entry: C:\project\eclipse-jee-2024-06-R-win32-x86_64\eclipse\plugins\org.eclipse.m2e.maven.runtime_3.9.700.20240602-2313\jars\maven-compat-3.9.7.jar
2024-09-01 16:16:35,441 [Worker-30: Launching Executing clean in C__Users_손정배_Desktop_Github.Local_chat-workspace_chat] INFO  o.eclipse.m2e.core.internal.Bundles - 	Entry: C:\project\eclipse-jee-2024-06-R-win32-x86_64\eclipse\plugins\org.eclipse.m2e.maven.runtime_3.9.700.20240602-2313\jars\maven-core-3.9.7.jar
2024-09-01 16:16:35,441 [Worker-30: Launching Executing clean in C__Users_손정배_Desktop_Github.Local_chat-workspace_chat] INFO  o.eclipse.m2e.core.internal.Bundles - 	Entry: C:\project\eclipse-jee-2024-06-R-win32-x86_64\eclipse\plugins\org.eclipse.m2e.maven.runtime_3.9.700.20240602-2313\jars\maven-embedder-3.9.7.jar
2024-09-01 16:16:35,441 [Worker-30: Launching Executing clean in C__Users_손정배_Desktop_Github.Local_chat-workspace_chat] INFO  o.eclipse.m2e.core.internal.Bundles - 	Entry: C:\project\eclipse-jee-2024-06-R-win32-x86_64\eclipse\plugins\org.eclipse.m2e.maven.runtime_3.9.700.20240602-2313\jars\maven-model-3.9.7.jar
2024-09-01 16:16:35,441 [Worker-30: Launching Executing clean in C__Users_손정배_Desktop_Github.Local_chat-workspace_chat] INFO  o.eclipse.m2e.core.internal.Bundles - 	Entry: C:\project\eclipse-jee-2024-06-R-win32-x86_64\eclipse\plugins\org.eclipse.m2e.maven.runtime_3.9.700.20240602-2313\jars\maven-model-builder-3.9.7.jar
2024-09-01 16:16:35,442 [Worker-30: Launching Executing clean in C__Users_손정배_Desktop_Github.Local_chat-workspace_chat] INFO  o.eclipse.m2e.core.internal.Bundles - 	Entry: C:\project\eclipse-jee-2024-06-R-win32-x86_64\eclipse\plugins\org.eclipse.m2e.maven.runtime_3.9.700.20240602-2313\jars\maven-plugin-api-3.9.7.jar
2024-09-01 16:16:35,442 [Worker-30: Launching Executing clean in C__Users_손정배_Desktop_Github.Local_chat-workspace_chat] INFO  o.eclipse.m2e.core.internal.Bundles - 	Entry: C:\project\eclipse-jee-2024-06-R-win32-x86_64\eclipse\plugins\org.eclipse.m2e.maven.runtime_3.9.700.20240602-2313\jars\maven-repository-metadata-3.9.7.jar
2024-09-01 16:16:35,442 [Worker-30: Launching Executing clean in C__Users_손정배_Desktop_Github.Local_chat-workspace_chat] INFO  o.eclipse.m2e.core.internal.Bundles - 	Entry: C:\project\eclipse-jee-2024-06-R-win32-x86_64\eclipse\plugins\org.eclipse.m2e.maven.runtime_3.9.700.20240602-2313\jars\maven-resolver-api-1.9.20.jar
2024-09-01 16:16:35,442 [Worker-30: Launching Executing clean in C__Users_손정배_Desktop_Github.Local_chat-workspace_chat] INFO  o.eclipse.m2e.core.internal.Bundles - 	Entry: C:\project\eclipse-jee-2024-06-R-win32-x86_64\eclipse\plugins\org.eclipse.m2e.maven.runtime_3.9.700.20240602-2313\jars\maven-resolver-connector-basic-1.9.20.jar
2024-09-01 16:16:35,442 [Worker-30: Launching Executing clean in C__Users_손정배_Desktop_Github.Local_chat-workspace_chat] INFO  o.eclipse.m2e.core.internal.Bundles - 	Entry: C:\project\eclipse-jee-2024-06-R-win32-x86_64\eclipse\plugins\org.eclipse.m2e.maven.runtime_3.9.700.20240602-2313\jars\maven-resolver-impl-1.9.20.jar
2024-09-01 16:16:35,442 [Worker-30: Launching Executing clean in C__Users_손정배_Desktop_Github.Local_chat-workspace_chat] INFO  o.eclipse.m2e.core.internal.Bundles - 	Entry: C:\project\eclipse-jee-2024-06-R-win32-x86_64\eclipse\plugins\org.eclipse.m2e.maven.runtime_3.9.700.20240602-2313\jars\maven-resolver-named-locks-1.9.20.jar
2024-09-01 16:16:35,442 [Worker-30: Launching Executing clean in C__Users_손정배_Desktop_Github.Local_chat-workspace_chat] INFO  o.eclipse.m2e.core.internal.Bundles - 	Entry: C:\project\eclipse-jee-2024-06-R-win32-x86_64\eclipse\plugins\org.eclipse.m2e.maven.runtime_3.9.700.20240602-2313\jars\maven-resolver-provider-3.9.7.jar
2024-09-01 16:16:35,442 [Worker-30: Launching Executing clean in C__Users_손정배_Desktop_Github.Local_chat-workspace_chat] INFO  o.eclipse.m2e.core.internal.Bundles - 	Entry: C:\project\eclipse-jee-2024-06-R-win32-x86_64\eclipse\plugins\org.eclipse.m2e.maven.runtime_3.9.700.20240602-2313\jars\maven-resolver-spi-1.9.20.jar
2024-09-01 16:16:35,442 [Worker-30: Launching Executing clean in C__Users_손정배_Desktop_Github.Local_chat-workspace_chat] INFO  o.eclipse.m2e.core.internal.Bundles - 	Entry: C:\project\eclipse-jee-2024-06-R-win32-x86_64\eclipse\plugins\org.eclipse.m2e.maven.runtime_3.9.700.20240602-2313\jars\maven-resolver-transport-file-1.9.20.jar
2024-09-01 16:16:35,442 [Worker-30: Launching Executing clean in C__Users_손정배_Desktop_Github.Local_chat-workspace_chat] INFO  o.eclipse.m2e.core.internal.Bundles - 	Entry: C:\project\eclipse-jee-2024-06-R-win32-x86_64\eclipse\plugins\org.eclipse.m2e.maven.runtime_3.9.700.20240602-2313\jars\maven-resolver-transport-http-1.9.20.jar
2024-09-01 16:16:35,442 [Worker-30: Launching Executing clean in C__Users_손정배_Desktop_Github.Local_chat-workspace_chat] INFO  o.eclipse.m2e.core.internal.Bundles - 	Entry: C:\project\eclipse-jee-2024-06-R-win32-x86_64\eclipse\plugins\org.eclipse.m2e.maven.runtime_3.9.700.20240602-2313\jars\maven-resolver-transport-wagon-1.9.20.jar
2024-09-01 16:16:35,442 [Worker-30: Launching Executing clean in C__Users_손정배_Desktop_Github.Local_chat-workspace_chat] INFO  o.eclipse.m2e.core.internal.Bundles - 	Entry: C:\project\eclipse-jee-2024-06-R-win32-x86_64\eclipse\plugins\org.eclipse.m2e.maven.runtime_3.9.700.20240602-2313\jars\maven-resolver-util-1.9.20.jar
2024-09-01 16:16:35,442 [Worker-30: Launching Executing clean in C__Users_손정배_Desktop_Github.Local_chat-workspace_chat] INFO  o.eclipse.m2e.core.internal.Bundles - 	Entry: C:\project\eclipse-jee-2024-06-R-win32-x86_64\eclipse\plugins\org.eclipse.m2e.maven.runtime_3.9.700.20240602-2313\jars\maven-settings-3.9.7.jar
2024-09-01 16:16:35,442 [Worker-30: Launching Executing clean in C__Users_손정배_Desktop_Github.Local_chat-workspace_chat] INFO  o.eclipse.m2e.core.internal.Bundles - 	Entry: C:\project\eclipse-jee-2024-06-R-win32-x86_64\eclipse\plugins\org.eclipse.m2e.maven.runtime_3.9.700.20240602-2313\jars\maven-settings-builder-3.9.7.jar
2024-09-01 16:16:35,442 [Worker-30: Launching Executing clean in C__Users_손정배_Desktop_Github.Local_chat-workspace_chat] INFO  o.eclipse.m2e.core.internal.Bundles - 	Entry: C:\project\eclipse-jee-2024-06-R-win32-x86_64\eclipse\plugins\org.eclipse.m2e.maven.runtime_3.9.700.20240602-2313\jars\maven-shared-utils-3.4.2.jar
2024-09-01 16:16:35,442 [Worker-30: Launching Executing clean in C__Users_손정배_Desktop_Github.Local_chat-workspace_chat] INFO  o.eclipse.m2e.core.internal.Bundles - 	Entry: C:\project\eclipse-jee-2024-06-R-win32-x86_64\eclipse\plugins\org.eclipse.m2e.maven.runtime_3.9.700.20240602-2313\jars\org.eclipse.sisu.inject-0.9.0.M2.jar
2024-09-01 16:16:35,442 [Worker-30: Launching Executing clean in C__Users_손정배_Desktop_Github.Local_chat-workspace_chat] INFO  o.eclipse.m2e.core.internal.Bundles - 	Entry: C:\project\eclipse-jee-2024-06-R-win32-x86_64\eclipse\plugins\org.eclipse.m2e.maven.runtime_3.9.700.20240602-2313\jars\org.eclipse.sisu.plexus-0.9.0.M2.jar
2024-09-01 16:16:35,442 [Worker-30: Launching Executing clean in C__Users_손정배_Desktop_Github.Local_chat-workspace_chat] INFO  o.eclipse.m2e.core.internal.Bundles - 	Entry: C:\project\eclipse-jee-2024-06-R-win32-x86_64\eclipse\plugins\org.eclipse.m2e.maven.runtime_3.9.700.20240602-2313\jars\plexus-build-api-0.0.7.jar
2024-09-01 16:16:35,443 [Worker-30: Launching Executing clean in C__Users_손정배_Desktop_Github.Local_chat-workspace_chat] INFO  o.eclipse.m2e.core.internal.Bundles - 	Entry: C:\project\eclipse-jee-2024-06-R-win32-x86_64\eclipse\plugins\org.eclipse.m2e.maven.runtime_3.9.700.20240602-2313\jars\plexus-build-api-1.2.0.jar
2024-09-01 16:16:35,443 [Worker-30: Launching Executing clean in C__Users_손정배_Desktop_Github.Local_chat-workspace_chat] INFO  o.eclipse.m2e.core.internal.Bundles - 	Entry: C:\project\eclipse-jee-2024-06-R-win32-x86_64\eclipse\plugins\org.eclipse.m2e.maven.runtime_3.9.700.20240602-2313\jars\plexus-cipher-2.0.jar
2024-09-01 16:16:35,443 [Worker-30: Launching Executing clean in C__Users_손정배_Desktop_Github.Local_chat-workspace_chat] INFO  o.eclipse.m2e.core.internal.Bundles - 	Entry: C:\project\eclipse-jee-2024-06-R-win32-x86_64\eclipse\plugins\org.eclipse.m2e.maven.runtime_3.9.700.20240602-2313\jars\plexus-classworlds-2.8.0.jar
2024-09-01 16:16:35,443 [Worker-30: Launching Executing clean in C__Users_손정배_Desktop_Github.Local_chat-workspace_chat] INFO  o.eclipse.m2e.core.internal.Bundles - 	Entry: C:\project\eclipse-jee-2024-06-R-win32-x86_64\eclipse\plugins\org.eclipse.m2e.maven.runtime_3.9.700.20240602-2313\jars\plexus-component-annotations-2.1.0.jar
2024-09-01 16:16:35,443 [Worker-30: Launching Executing clean in C__Users_손정배_Desktop_Github.Local_chat-workspace_chat] INFO  o.eclipse.m2e.core.internal.Bundles - 	Entry: C:\project\eclipse-jee-2024-06-R-win32-x86_64\eclipse\plugins\org.eclipse.m2e.maven.runtime_3.9.700.20240602-2313\jars\plexus-interpolation-1.27.jar
2024-09-01 16:16:35,443 [Worker-30: Launching Executing clean in C__Users_손정배_Desktop_Github.Local_chat-workspace_chat] INFO  o.eclipse.m2e.core.internal.Bundles - 	Entry: C:\project\eclipse-jee-2024-06-R-win32-x86_64\eclipse\plugins\org.eclipse.m2e.maven.runtime_3.9.700.20240602-2313\jars\plexus-sec-dispatcher-2.0.jar
2024-09-01 16:16:35,443 [Worker-30: Launching Executing clean in C__Users_손정배_Desktop_Github.Local_chat-workspace_chat] INFO  o.eclipse.m2e.core.internal.Bundles - 	Entry: C:\project\eclipse-jee-2024-06-R-win32-x86_64\eclipse\plugins\org.eclipse.m2e.maven.runtime_3.9.700.20240602-2313\jars\plexus-utils-3.5.1.jar
2024-09-01 16:16:35,443 [Worker-30: Launching Executing clean in C__Users_손정배_Desktop_Github.Local_chat-workspace_chat] INFO  o.eclipse.m2e.core.internal.Bundles - 	Entry: C:\project\eclipse-jee-2024-06-R-win32-x86_64\eclipse\plugins\org.eclipse.m2e.maven.runtime_3.9.700.20240602-2313\jars\wagon-file-3.5.3.jar
2024-09-01 16:16:35,443 [Worker-30: Launching Executing clean in C__Users_손정배_Desktop_Github.Local_chat-workspace_chat] INFO  o.eclipse.m2e.core.internal.Bundles - 	Entry: C:\project\eclipse-jee-2024-06-R-win32-x86_64\eclipse\plugins\org.eclipse.m2e.maven.runtime_3.9.700.20240602-2313\jars\wagon-http-3.5.3.jar
2024-09-01 16:16:35,443 [Worker-30: Launching Executing clean in C__Users_손정배_Desktop_Github.Local_chat-workspace_chat] INFO  o.eclipse.m2e.core.internal.Bundles - 	Entry: C:\project\eclipse-jee-2024-06-R-win32-x86_64\eclipse\plugins\org.eclipse.m2e.maven.runtime_3.9.700.20240602-2313\jars\wagon-http-shared-3.5.3.jar
2024-09-01 16:16:35,443 [Worker-30: Launching Executing clean in C__Users_손정배_Desktop_Github.Local_chat-workspace_chat] INFO  o.eclipse.m2e.core.internal.Bundles - 	Entry: C:\project\eclipse-jee-2024-06-R-win32-x86_64\eclipse\plugins\org.eclipse.m2e.maven.runtime_3.9.700.20240602-2313\jars\wagon-provider-api-3.5.3.jar
2024-09-01 16:16:35,443 [Worker-30: Launching Executing clean in C__Users_손정배_Desktop_Github.Local_chat-workspace_chat] INFO  o.eclipse.m2e.core.internal.Bundles - getClasspathEntries(Bundle=com.google.guava_33.2.0.jre [16])
2024-09-01 16:16:35,444 [Worker-30: Launching Executing clean in C__Users_손정배_Desktop_Github.Local_chat-workspace_chat] INFO  o.eclipse.m2e.core.internal.Bundles - 	Entry: C:\project\eclipse-jee-2024-06-R-win32-x86_64\eclipse\plugins\com.google.guava_33.2.0.jre.jar
2024-09-01 16:16:35,444 [Worker-30: Launching Executing clean in C__Users_손정배_Desktop_Github.Local_chat-workspace_chat] INFO  o.eclipse.m2e.core.internal.Bundles - getClasspathEntries(Bundle=slf4j.api_2.0.13 [1010])
2024-09-01 16:16:35,444 [Worker-30: Launching Executing clean in C__Users_손정배_Desktop_Github.Local_chat-workspace_chat] INFO  o.eclipse.m2e.core.internal.Bundles - 	Entry: C:\project\eclipse-jee-2024-06-R-win32-x86_64\eclipse\plugins\slf4j.api_2.0.13.jar
2024-09-01 16:16:35,444 [Worker-30: Launching Executing clean in C__Users_손정배_Desktop_Github.Local_chat-workspace_chat] INFO  o.eclipse.m2e.core.internal.Bundles - getClasspathEntries(Bundle=jakarta.inject.jakarta.inject-api_1.0.5 [33])
2024-09-01 16:16:35,444 [Worker-30: Launching Executing clean in C__Users_손정배_Desktop_Github.Local_chat-workspace_chat] INFO  o.eclipse.m2e.core.internal.Bundles - 	Entry: C:\project\eclipse-jee-2024-06-R-win32-x86_64\eclipse\plugins\jakarta.inject.jakarta.inject-api_1.0.5.jar
2024-09-01 16:16:35,444 [Worker-30: Launching Executing clean in C__Users_손정배_Desktop_Github.Local_chat-workspace_chat] INFO  o.eclipse.m2e.core.internal.Bundles - getClasspathEntries(Bundle=javax.annotation_1.3.5.v20200909-1856 [44])
2024-09-01 16:16:35,444 [Worker-30: Launching Executing clean in C__Users_손정배_Desktop_Github.Local_chat-workspace_chat] INFO  o.eclipse.m2e.core.internal.Bundles - 	Entry: C:\project\eclipse-jee-2024-06-R-win32-x86_64\eclipse\plugins\javax.annotation_1.3.5.v20200909-1856.jar
2024-09-01 16:16:35,444 [Worker-30: Launching Executing clean in C__Users_손정배_Desktop_Github.Local_chat-workspace_chat] INFO  o.eclipse.m2e.core.internal.Bundles - getClasspathEntries(Bundle=org.apache.commons.cli_1.8.0 [78])
2024-09-01 16:16:35,444 [Worker-30: Launching Executing clean in C__Users_손정배_Desktop_Github.Local_chat-workspace_chat] INFO  o.eclipse.m2e.core.internal.Bundles - 	Entry: C:\project\eclipse-jee-2024-06-R-win32-x86_64\eclipse\plugins\org.apache.commons.cli_1.8.0.jar
2024-09-01 16:16:35,444 [Worker-30: Launching Executing clean in C__Users_손정배_Desktop_Github.Local_chat-workspace_chat] INFO  o.eclipse.m2e.core.internal.Bundles - getClasspathEntries(Bundle=org.apache.commons.commons-codec_1.16.0 [81])
2024-09-01 16:16:35,444 [Worker-30: Launching Executing clean in C__Users_손정배_Desktop_Github.Local_chat-workspace_chat] INFO  o.eclipse.m2e.core.internal.Bundles - 	Entry: C:\project\eclipse-jee-2024-06-R-win32-x86_64\eclipse\plugins\org.apache.commons.commons-codec_1.16.0.jar
2024-09-01 16:16:35,444 [Worker-30: Launching Executing clean in C__Users_손정배_Desktop_Github.Local_chat-workspace_chat] INFO  o.eclipse.m2e.core.internal.Bundles - getClasspathEntries(Bundle=org.apache.commons.lang3_3.14.0 [89])
2024-09-01 16:16:35,444 [Worker-30: Launching Executing clean in C__Users_손정배_Desktop_Github.Local_chat-workspace_chat] INFO  o.eclipse.m2e.core.internal.Bundles - 	Entry: C:\project\eclipse-jee-2024-06-R-win32-x86_64\eclipse\plugins\org.apache.commons.lang3_3.14.0.jar
2024-09-01 16:16:35,444 [Worker-30: Launching Executing clean in C__Users_손정배_Desktop_Github.Local_chat-workspace_chat] INFO  o.eclipse.m2e.core.internal.Bundles - getClasspathEntries(Bundle=com.google.guava.failureaccess_1.0.2 [17])
2024-09-01 16:16:35,445 [Worker-30: Launching Executing clean in C__Users_손정배_Desktop_Github.Local_chat-workspace_chat] INFO  o.eclipse.m2e.core.internal.Bundles - 	Entry: C:\project\eclipse-jee-2024-06-R-win32-x86_64\eclipse\plugins\com.google.guava.failureaccess_1.0.2.jar
2024-09-01 16:16:35,447 [Worker-30: Launching Executing clean in C__Users_손정배_Desktop_Github.Local_chat-workspace_chat] INFO  o.e.m.i.launch.MavenLaunchDelegate - Run build in "C:\Users\손정배\Desktop\Github.Local\chat-workspace\chat":
2024-09-01 16:16:35,447 [Worker-30: Launching Executing clean in C__Users_손정배_Desktop_Github.Local_chat-workspace_chat] INFO  o.e.m.i.launch.MavenLaunchDelegate -  mvn  -Ppom.xml -B -Dstyle.color=always clean
2024-09-01 16:16:37,105 [Worker-34: Building] INFO  o.a.m.s.f.DefaultMavenResourcesFiltering - Copying 1 resource from src\main\resources to target\classes
2024-09-01 16:16:37,106 [Worker-34: Building] INFO  o.a.m.s.f.DefaultMavenResourcesFiltering - Copying 1 resource from src\main\resources to target\classes
2024-09-01 16:16:37,107 [Worker-34: Building] INFO  o.a.m.s.f.DefaultMavenResourcesFiltering - skip non existing resourceDirectory C:\Users\손정배\Desktop\Github.Local\chat-workspace\chat\src\test\resources
2024-09-01 16:16:41,005 [main] INFO  o.e.m2e.actions.ExecutePomAction - Creating new launch configuration
2024-09-01 16:16:48,255 [Worker-34: Launching Executing install in C__Users_손정배_Desktop_Github.Local_chat-workspace_chat] INFO  o.eclipse.m2e.core.internal.Bundles - getClasspathEntries(Bundle=org.eclipse.m2e.maven.runtime_3.9.700.20240602-2313 [645])
2024-09-01 16:16:48,255 [Worker-34: Launching Executing install in C__Users_손정배_Desktop_Github.Local_chat-workspace_chat] INFO  o.eclipse.m2e.core.internal.Bundles - 	Entry: C:\project\eclipse-jee-2024-06-R-win32-x86_64\eclipse\plugins\org.eclipse.m2e.maven.runtime_3.9.700.20240602-2313
2024-09-01 16:16:48,255 [Worker-34: Launching Executing install in C__Users_손정배_Desktop_Github.Local_chat-workspace_chat] INFO  o.eclipse.m2e.core.internal.Bundles - 	Entry: C:\project\eclipse-jee-2024-06-R-win32-x86_64\eclipse\plugins\org.eclipse.m2e.maven.runtime_3.9.700.20240602-2313\jars\aopalliance-1.0.jar
2024-09-01 16:16:48,255 [Worker-34: Launching Executing install in C__Users_손정배_Desktop_Github.Local_chat-workspace_chat] INFO  o.eclipse.m2e.core.internal.Bundles - 	Entry: C:\project\eclipse-jee-2024-06-R-win32-x86_64\eclipse\plugins\org.eclipse.m2e.maven.runtime_3.9.700.20240602-2313\jars\guice-5.1.0.jar
2024-09-01 16:16:48,255 [Worker-34: Launching Executing install in C__Users_손정배_Desktop_Github.Local_chat-workspace_chat] INFO  o.eclipse.m2e.core.internal.Bundles - 	Entry: C:\project\eclipse-jee-2024-06-R-win32-x86_64\eclipse\plugins\org.eclipse.m2e.maven.runtime_3.9.700.20240602-2313\jars\httpclient-4.5.14.jar
2024-09-01 16:16:48,255 [Worker-34: Launching Executing install in C__Users_손정배_Desktop_Github.Local_chat-workspace_chat] INFO  o.eclipse.m2e.core.internal.Bundles - 	Entry: C:\project\eclipse-jee-2024-06-R-win32-x86_64\eclipse\plugins\org.eclipse.m2e.maven.runtime_3.9.700.20240602-2313\jars\httpcore-4.4.16.jar
2024-09-01 16:16:48,255 [Worker-34: Launching Executing install in C__Users_손정배_Desktop_Github.Local_chat-workspace_chat] INFO  o.eclipse.m2e.core.internal.Bundles - 	Entry: C:\project\eclipse-jee-2024-06-R-win32-x86_64\eclipse\plugins\org.eclipse.m2e.maven.runtime_3.9.700.20240602-2313\jars\jansi-2.4.1.jar
2024-09-01 16:16:48,255 [Worker-34: Launching Executing install in C__Users_손정배_Desktop_Github.Local_chat-workspace_chat] INFO  o.eclipse.m2e.core.internal.Bundles - 	Entry: C:\project\eclipse-jee-2024-06-R-win32-x86_64\eclipse\plugins\org.eclipse.m2e.maven.runtime_3.9.700.20240602-2313\jars\jcl-over-slf4j-1.7.36.jar
2024-09-01 16:16:48,255 [Worker-34: Launching Executing install in C__Users_손정배_Desktop_Github.Local_chat-workspace_chat] INFO  o.eclipse.m2e.core.internal.Bundles - 	Entry: C:\project\eclipse-jee-2024-06-R-win32-x86_64\eclipse\plugins\org.eclipse.m2e.maven.runtime_3.9.700.20240602-2313\jars\maven-artifact-3.9.7.jar
2024-09-01 16:16:48,256 [Worker-34: Launching Executing install in C__Users_손정배_Desktop_Github.Local_chat-workspace_chat] INFO  o.eclipse.m2e.core.internal.Bundles - 	Entry: C:\project\eclipse-jee-2024-06-R-win32-x86_64\eclipse\plugins\org.eclipse.m2e.maven.runtime_3.9.700.20240602-2313\jars\maven-builder-support-3.9.7.jar
2024-09-01 16:16:48,256 [Worker-34: Launching Executing install in C__Users_손정배_Desktop_Github.Local_chat-workspace_chat] INFO  o.eclipse.m2e.core.internal.Bundles - 	Entry: C:\project\eclipse-jee-2024-06-R-win32-x86_64\eclipse\plugins\org.eclipse.m2e.maven.runtime_3.9.700.20240602-2313\jars\maven-compat-3.9.7.jar
2024-09-01 16:16:48,256 [Worker-34: Launching Executing install in C__Users_손정배_Desktop_Github.Local_chat-workspace_chat] INFO  o.eclipse.m2e.core.internal.Bundles - 	Entry: C:\project\eclipse-jee-2024-06-R-win32-x86_64\eclipse\plugins\org.eclipse.m2e.maven.runtime_3.9.700.20240602-2313\jars\maven-core-3.9.7.jar
2024-09-01 16:16:48,256 [Worker-34: Launching Executing install in C__Users_손정배_Desktop_Github.Local_chat-workspace_chat] INFO  o.eclipse.m2e.core.internal.Bundles - 	Entry: C:\project\eclipse-jee-2024-06-R-win32-x86_64\eclipse\plugins\org.eclipse.m2e.maven.runtime_3.9.700.20240602-2313\jars\maven-embedder-3.9.7.jar
2024-09-01 16:16:48,256 [Worker-34: Launching Executing install in C__Users_손정배_Desktop_Github.Local_chat-workspace_chat] INFO  o.eclipse.m2e.core.internal.Bundles - 	Entry: C:\project\eclipse-jee-2024-06-R-win32-x86_64\eclipse\plugins\org.eclipse.m2e.maven.runtime_3.9.700.20240602-2313\jars\maven-model-3.9.7.jar
2024-09-01 16:16:48,256 [Worker-34: Launching Executing install in C__Users_손정배_Desktop_Github.Local_chat-workspace_chat] INFO  o.eclipse.m2e.core.internal.Bundles - 	Entry: C:\project\eclipse-jee-2024-06-R-win32-x86_64\eclipse\plugins\org.eclipse.m2e.maven.runtime_3.9.700.20240602-2313\jars\maven-model-builder-3.9.7.jar
2024-09-01 16:16:48,256 [Worker-34: Launching Executing install in C__Users_손정배_Desktop_Github.Local_chat-workspace_chat] INFO  o.eclipse.m2e.core.internal.Bundles - 	Entry: C:\project\eclipse-jee-2024-06-R-win32-x86_64\eclipse\plugins\org.eclipse.m2e.maven.runtime_3.9.700.20240602-2313\jars\maven-plugin-api-3.9.7.jar
2024-09-01 16:16:48,256 [Worker-34: Launching Executing install in C__Users_손정배_Desktop_Github.Local_chat-workspace_chat] INFO  o.eclipse.m2e.core.internal.Bundles - 	Entry: C:\project\eclipse-jee-2024-06-R-win32-x86_64\eclipse\plugins\org.eclipse.m2e.maven.runtime_3.9.700.20240602-2313\jars\maven-repository-metadata-3.9.7.jar
2024-09-01 16:16:48,256 [Worker-34: Launching Executing install in C__Users_손정배_Desktop_Github.Local_chat-workspace_chat] INFO  o.eclipse.m2e.core.internal.Bundles - 	Entry: C:\project\eclipse-jee-2024-06-R-win32-x86_64\eclipse\plugins\org.eclipse.m2e.maven.runtime_3.9.700.20240602-2313\jars\maven-resolver-api-1.9.20.jar
2024-09-01 16:16:48,256 [Worker-34: Launching Executing install in C__Users_손정배_Desktop_Github.Local_chat-workspace_chat] INFO  o.eclipse.m2e.core.internal.Bundles - 	Entry: C:\project\eclipse-jee-2024-06-R-win32-x86_64\eclipse\plugins\org.eclipse.m2e.maven.runtime_3.9.700.20240602-2313\jars\maven-resolver-connector-basic-1.9.20.jar
2024-09-01 16:16:48,256 [Worker-34: Launching Executing install in C__Users_손정배_Desktop_Github.Local_chat-workspace_chat] INFO  o.eclipse.m2e.core.internal.Bundles - 	Entry: C:\project\eclipse-jee-2024-06-R-win32-x86_64\eclipse\plugins\org.eclipse.m2e.maven.runtime_3.9.700.20240602-2313\jars\maven-resolver-impl-1.9.20.jar
2024-09-01 16:16:48,256 [Worker-34: Launching Executing install in C__Users_손정배_Desktop_Github.Local_chat-workspace_chat] INFO  o.eclipse.m2e.core.internal.Bundles - 	Entry: C:\project\eclipse-jee-2024-06-R-win32-x86_64\eclipse\plugins\org.eclipse.m2e.maven.runtime_3.9.700.20240602-2313\jars\maven-resolver-named-locks-1.9.20.jar
2024-09-01 16:16:48,256 [Worker-34: Launching Executing install in C__Users_손정배_Desktop_Github.Local_chat-workspace_chat] INFO  o.eclipse.m2e.core.internal.Bundles - 	Entry: C:\project\eclipse-jee-2024-06-R-win32-x86_64\eclipse\plugins\org.eclipse.m2e.maven.runtime_3.9.700.20240602-2313\jars\maven-resolver-provider-3.9.7.jar
2024-09-01 16:16:48,256 [Worker-34: Launching Executing install in C__Users_손정배_Desktop_Github.Local_chat-workspace_chat] INFO  o.eclipse.m2e.core.internal.Bundles - 	Entry: C:\project\eclipse-jee-2024-06-R-win32-x86_64\eclipse\plugins\org.eclipse.m2e.maven.runtime_3.9.700.20240602-2313\jars\maven-resolver-spi-1.9.20.jar
2024-09-01 16:16:48,256 [Worker-34: Launching Executing install in C__Users_손정배_Desktop_Github.Local_chat-workspace_chat] INFO  o.eclipse.m2e.core.internal.Bundles - 	Entry: C:\project\eclipse-jee-2024-06-R-win32-x86_64\eclipse\plugins\org.eclipse.m2e.maven.runtime_3.9.700.20240602-2313\jars\maven-resolver-transport-file-1.9.20.jar
2024-09-01 16:16:48,256 [Worker-34: Launching Executing install in C__Users_손정배_Desktop_Github.Local_chat-workspace_chat] INFO  o.eclipse.m2e.core.internal.Bundles - 	Entry: C:\project\eclipse-jee-2024-06-R-win32-x86_64\eclipse\plugins\org.eclipse.m2e.maven.runtime_3.9.700.20240602-2313\jars\maven-resolver-transport-http-1.9.20.jar
2024-09-01 16:16:48,256 [Worker-34: Launching Executing install in C__Users_손정배_Desktop_Github.Local_chat-workspace_chat] INFO  o.eclipse.m2e.core.internal.Bundles - 	Entry: C:\project\eclipse-jee-2024-06-R-win32-x86_64\eclipse\plugins\org.eclipse.m2e.maven.runtime_3.9.700.20240602-2313\jars\maven-resolver-transport-wagon-1.9.20.jar
2024-09-01 16:16:48,256 [Worker-34: Launching Executing install in C__Users_손정배_Desktop_Github.Local_chat-workspace_chat] INFO  o.eclipse.m2e.core.internal.Bundles - 	Entry: C:\project\eclipse-jee-2024-06-R-win32-x86_64\eclipse\plugins\org.eclipse.m2e.maven.runtime_3.9.700.20240602-2313\jars\maven-resolver-util-1.9.20.jar
2024-09-01 16:16:48,256 [Worker-34: Launching Executing install in C__Users_손정배_Desktop_Github.Local_chat-workspace_chat] INFO  o.eclipse.m2e.core.internal.Bundles - 	Entry: C:\project\eclipse-jee-2024-06-R-win32-x86_64\eclipse\plugins\org.eclipse.m2e.maven.runtime_3.9.700.20240602-2313\jars\maven-settings-3.9.7.jar
2024-09-01 16:16:48,257 [Worker-34: Launching Executing install in C__Users_손정배_Desktop_Github.Local_chat-workspace_chat] INFO  o.eclipse.m2e.core.internal.Bundles - 	Entry: C:\project\eclipse-jee-2024-06-R-win32-x86_64\eclipse\plugins\org.eclipse.m2e.maven.runtime_3.9.700.20240602-2313\jars\maven-settings-builder-3.9.7.jar
2024-09-01 16:16:48,257 [Worker-34: Launching Executing install in C__Users_손정배_Desktop_Github.Local_chat-workspace_chat] INFO  o.eclipse.m2e.core.internal.Bundles - 	Entry: C:\project\eclipse-jee-2024-06-R-win32-x86_64\eclipse\plugins\org.eclipse.m2e.maven.runtime_3.9.700.20240602-2313\jars\maven-shared-utils-3.4.2.jar
2024-09-01 16:16:48,257 [Worker-34: Launching Executing install in C__Users_손정배_Desktop_Github.Local_chat-workspace_chat] INFO  o.eclipse.m2e.core.internal.Bundles - 	Entry: C:\project\eclipse-jee-2024-06-R-win32-x86_64\eclipse\plugins\org.eclipse.m2e.maven.runtime_3.9.700.20240602-2313\jars\org.eclipse.sisu.inject-0.9.0.M2.jar
2024-09-01 16:16:48,257 [Worker-34: Launching Executing install in C__Users_손정배_Desktop_Github.Local_chat-workspace_chat] INFO  o.eclipse.m2e.core.internal.Bundles - 	Entry: C:\project\eclipse-jee-2024-06-R-win32-x86_64\eclipse\plugins\org.eclipse.m2e.maven.runtime_3.9.700.20240602-2313\jars\org.eclipse.sisu.plexus-0.9.0.M2.jar
2024-09-01 16:16:48,257 [Worker-34: Launching Executing install in C__Users_손정배_Desktop_Github.Local_chat-workspace_chat] INFO  o.eclipse.m2e.core.internal.Bundles - 	Entry: C:\project\eclipse-jee-2024-06-R-win32-x86_64\eclipse\plugins\org.eclipse.m2e.maven.runtime_3.9.700.20240602-2313\jars\plexus-build-api-0.0.7.jar
2024-09-01 16:16:48,257 [Worker-34: Launching Executing install in C__Users_손정배_Desktop_Github.Local_chat-workspace_chat] INFO  o.eclipse.m2e.core.internal.Bundles - 	Entry: C:\project\eclipse-jee-2024-06-R-win32-x86_64\eclipse\plugins\org.eclipse.m2e.maven.runtime_3.9.700.20240602-2313\jars\plexus-build-api-1.2.0.jar
2024-09-01 16:16:48,257 [Worker-34: Launching Executing install in C__Users_손정배_Desktop_Github.Local_chat-workspace_chat] INFO  o.eclipse.m2e.core.internal.Bundles - 	Entry: C:\project\eclipse-jee-2024-06-R-win32-x86_64\eclipse\plugins\org.eclipse.m2e.maven.runtime_3.9.700.20240602-2313\jars\plexus-cipher-2.0.jar
2024-09-01 16:16:48,257 [Worker-34: Launching Executing install in C__Users_손정배_Desktop_Github.Local_chat-workspace_chat] INFO  o.eclipse.m2e.core.internal.Bundles - 	Entry: C:\project\eclipse-jee-2024-06-R-win32-x86_64\eclipse\plugins\org.eclipse.m2e.maven.runtime_3.9.700.20240602-2313\jars\plexus-classworlds-2.8.0.jar
2024-09-01 16:16:48,257 [Worker-34: Launching Executing install in C__Users_손정배_Desktop_Github.Local_chat-workspace_chat] INFO  o.eclipse.m2e.core.internal.Bundles - 	Entry: C:\project\eclipse-jee-2024-06-R-win32-x86_64\eclipse\plugins\org.eclipse.m2e.maven.runtime_3.9.700.20240602-2313\jars\plexus-component-annotations-2.1.0.jar
2024-09-01 16:16:48,257 [Worker-34: Launching Executing install in C__Users_손정배_Desktop_Github.Local_chat-workspace_chat] INFO  o.eclipse.m2e.core.internal.Bundles - 	Entry: C:\project\eclipse-jee-2024-06-R-win32-x86_64\eclipse\plugins\org.eclipse.m2e.maven.runtime_3.9.700.20240602-2313\jars\plexus-interpolation-1.27.jar
2024-09-01 16:16:48,257 [Worker-34: Launching Executing install in C__Users_손정배_Desktop_Github.Local_chat-workspace_chat] INFO  o.eclipse.m2e.core.internal.Bundles - 	Entry: C:\project\eclipse-jee-2024-06-R-win32-x86_64\eclipse\plugins\org.eclipse.m2e.maven.runtime_3.9.700.20240602-2313\jars\plexus-sec-dispatcher-2.0.jar
2024-09-01 16:16:48,257 [Worker-34: Launching Executing install in C__Users_손정배_Desktop_Github.Local_chat-workspace_chat] INFO  o.eclipse.m2e.core.internal.Bundles - 	Entry: C:\project\eclipse-jee-2024-06-R-win32-x86_64\eclipse\plugins\org.eclipse.m2e.maven.runtime_3.9.700.20240602-2313\jars\plexus-utils-3.5.1.jar
2024-09-01 16:16:48,257 [Worker-34: Launching Executing install in C__Users_손정배_Desktop_Github.Local_chat-workspace_chat] INFO  o.eclipse.m2e.core.internal.Bundles - 	Entry: C:\project\eclipse-jee-2024-06-R-win32-x86_64\eclipse\plugins\org.eclipse.m2e.maven.runtime_3.9.700.20240602-2313\jars\wagon-file-3.5.3.jar
2024-09-01 16:16:48,257 [Worker-34: Launching Executing install in C__Users_손정배_Desktop_Github.Local_chat-workspace_chat] INFO  o.eclipse.m2e.core.internal.Bundles - 	Entry: C:\project\eclipse-jee-2024-06-R-win32-x86_64\eclipse\plugins\org.eclipse.m2e.maven.runtime_3.9.700.20240602-2313\jars\wagon-http-3.5.3.jar
2024-09-01 16:16:48,257 [Worker-34: Launching Executing install in C__Users_손정배_Desktop_Github.Local_chat-workspace_chat] INFO  o.eclipse.m2e.core.internal.Bundles - 	Entry: C:\project\eclipse-jee-2024-06-R-win32-x86_64\eclipse\plugins\org.eclipse.m2e.maven.runtime_3.9.700.20240602-2313\jars\wagon-http-shared-3.5.3.jar
2024-09-01 16:16:48,257 [Worker-34: Launching Executing install in C__Users_손정배_Desktop_Github.Local_chat-workspace_chat] INFO  o.eclipse.m2e.core.internal.Bundles - 	Entry: C:\project\eclipse-jee-2024-06-R-win32-x86_64\eclipse\plugins\org.eclipse.m2e.maven.runtime_3.9.700.20240602-2313\jars\wagon-provider-api-3.5.3.jar
2024-09-01 16:16:48,257 [Worker-34: Launching Executing install in C__Users_손정배_Desktop_Github.Local_chat-workspace_chat] INFO  o.eclipse.m2e.core.internal.Bundles - getClasspathEntries(Bundle=com.google.guava_33.2.0.jre [16])
2024-09-01 16:16:48,258 [Worker-34: Launching Executing install in C__Users_손정배_Desktop_Github.Local_chat-workspace_chat] INFO  o.eclipse.m2e.core.internal.Bundles - 	Entry: C:\project\eclipse-jee-2024-06-R-win32-x86_64\eclipse\plugins\com.google.guava_33.2.0.jre.jar
2024-09-01 16:16:48,258 [Worker-34: Launching Executing install in C__Users_손정배_Desktop_Github.Local_chat-workspace_chat] INFO  o.eclipse.m2e.core.internal.Bundles - getClasspathEntries(Bundle=slf4j.api_2.0.13 [1010])
2024-09-01 16:16:48,258 [Worker-34: Launching Executing install in C__Users_손정배_Desktop_Github.Local_chat-workspace_chat] INFO  o.eclipse.m2e.core.internal.Bundles - 	Entry: C:\project\eclipse-jee-2024-06-R-win32-x86_64\eclipse\plugins\slf4j.api_2.0.13.jar
2024-09-01 16:16:48,258 [Worker-34: Launching Executing install in C__Users_손정배_Desktop_Github.Local_chat-workspace_chat] INFO  o.eclipse.m2e.core.internal.Bundles - getClasspathEntries(Bundle=jakarta.inject.jakarta.inject-api_1.0.5 [33])
2024-09-01 16:16:48,258 [Worker-34: Launching Executing install in C__Users_손정배_Desktop_Github.Local_chat-workspace_chat] INFO  o.eclipse.m2e.core.internal.Bundles - 	Entry: C:\project\eclipse-jee-2024-06-R-win32-x86_64\eclipse\plugins\jakarta.inject.jakarta.inject-api_1.0.5.jar
2024-09-01 16:16:48,258 [Worker-34: Launching Executing install in C__Users_손정배_Desktop_Github.Local_chat-workspace_chat] INFO  o.eclipse.m2e.core.internal.Bundles - getClasspathEntries(Bundle=javax.annotation_1.3.5.v20200909-1856 [44])
2024-09-01 16:16:48,258 [Worker-34: Launching Executing install in C__Users_손정배_Desktop_Github.Local_chat-workspace_chat] INFO  o.eclipse.m2e.core.internal.Bundles - 	Entry: C:\project\eclipse-jee-2024-06-R-win32-x86_64\eclipse\plugins\javax.annotation_1.3.5.v20200909-1856.jar
2024-09-01 16:16:48,258 [Worker-34: Launching Executing install in C__Users_손정배_Desktop_Github.Local_chat-workspace_chat] INFO  o.eclipse.m2e.core.internal.Bundles - getClasspathEntries(Bundle=org.apache.commons.cli_1.8.0 [78])
2024-09-01 16:16:48,258 [Worker-34: Launching Executing install in C__Users_손정배_Desktop_Github.Local_chat-workspace_chat] INFO  o.eclipse.m2e.core.internal.Bundles - 	Entry: C:\project\eclipse-jee-2024-06-R-win32-x86_64\eclipse\plugins\org.apache.commons.cli_1.8.0.jar
2024-09-01 16:16:48,258 [Worker-34: Launching Executing install in C__Users_손정배_Desktop_Github.Local_chat-workspace_chat] INFO  o.eclipse.m2e.core.internal.Bundles - getClasspathEntries(Bundle=org.apache.commons.commons-codec_1.16.0 [81])
2024-09-01 16:16:48,258 [Worker-34: Launching Executing install in C__Users_손정배_Desktop_Github.Local_chat-workspace_chat] INFO  o.eclipse.m2e.core.internal.Bundles - 	Entry: C:\project\eclipse-jee-2024-06-R-win32-x86_64\eclipse\plugins\org.apache.commons.commons-codec_1.16.0.jar
2024-09-01 16:16:48,258 [Worker-34: Launching Executing install in C__Users_손정배_Desktop_Github.Local_chat-workspace_chat] INFO  o.eclipse.m2e.core.internal.Bundles - getClasspathEntries(Bundle=org.apache.commons.lang3_3.14.0 [89])
2024-09-01 16:16:48,258 [Worker-34: Launching Executing install in C__Users_손정배_Desktop_Github.Local_chat-workspace_chat] INFO  o.eclipse.m2e.core.internal.Bundles - 	Entry: C:\project\eclipse-jee-2024-06-R-win32-x86_64\eclipse\plugins\org.apache.commons.lang3_3.14.0.jar
2024-09-01 16:16:48,258 [Worker-34: Launching Executing install in C__Users_손정배_Desktop_Github.Local_chat-workspace_chat] INFO  o.eclipse.m2e.core.internal.Bundles - getClasspathEntries(Bundle=com.google.guava.failureaccess_1.0.2 [17])
2024-09-01 16:16:48,258 [Worker-34: Launching Executing install in C__Users_손정배_Desktop_Github.Local_chat-workspace_chat] INFO  o.eclipse.m2e.core.internal.Bundles - 	Entry: C:\project\eclipse-jee-2024-06-R-win32-x86_64\eclipse\plugins\com.google.guava.failureaccess_1.0.2.jar
2024-09-01 16:16:48,259 [Worker-34: Launching Executing install in C__Users_손정배_Desktop_Github.Local_chat-workspace_chat] INFO  o.e.m.i.launch.MavenLaunchDelegate - Run build in "C:\Users\손정배\Desktop\Github.Local\chat-workspace\chat":
2024-09-01 16:16:48,259 [Worker-34: Launching Executing install in C__Users_손정배_Desktop_Github.Local_chat-workspace_chat] INFO  o.e.m.i.launch.MavenLaunchDelegate -  mvn  -Ppom.xml -B -Dstyle.color=always install
2024-09-01 16:18:00,517 [Worker-37: Building] INFO  o.e.m.c.i.l.LifecycleMappingFactory - Using org.eclipse.m2e.jdt.JarLifecycleMapping lifecycle mapping for MavenProject: chat:chat:0.0.1-SNAPSHOT @ C:\Users\손정배\Desktop\Github.Local\chat-workspace\chat\pom.xml.
2024-09-01 16:18:00,641 [Worker-37: Building] INFO  o.a.m.s.f.DefaultMavenResourcesFiltering - Copying 0 resource from src\main\resources to target\classes
2024-09-01 16:18:00,641 [Worker-37: Building] INFO  o.a.m.s.f.DefaultMavenResourcesFiltering - Copying 0 resource from src\main\resources to target\classes
2024-09-01 16:18:00,643 [Worker-37: Building] INFO  o.a.m.s.f.DefaultMavenResourcesFiltering - skip non existing resourceDirectory C:\Users\손정배\Desktop\Github.Local\chat-workspace\chat\src\test\resources
2024-09-01 16:24:35,151 [Worker-2: Loading available Gradle versions] INFO  o.e.b.c.i.u.g.PublishedGradleVersions - Gradle version information cache is up-to-date. Trying to read.
2024-09-01 16:29:35,202 [Worker-7: Loading available Gradle versions] INFO  o.e.b.c.i.u.g.PublishedGradleVersions - Gradle version information cache is up-to-date. Trying to read.
2024-09-01 16:36:07,691 [Worker-5: Loading available Gradle versions] INFO  o.e.b.c.i.u.g.PublishedGradleVersions - Gradle version information cache is up-to-date. Trying to read.
2024-09-01 16:36:08,009 [Worker-9: Decoration Calculation] WARN  org.eclipse.jgit.util.FS_Win32 - Exception caught during execution of command '[bash, --login, -c, which git]' in 'C:\Users\손정배', return code '1', error message '<3>WSL (383) ERROR: CreateProcessEntryCommon:505: execvpe /bin/bash failed 2
<3>WSL (383) ERROR: CreateProcessEntryCommon:508: Create process not expected to return
'
2024-09-01 16:38:54,936 [Worker-7: Building] INFO  o.a.m.s.f.DefaultMavenResourcesFiltering - Copying 1 resource from src\main\resources to target\classes
2024-09-01 16:38:54,950 [Worker-7: Building] INFO  o.a.m.s.f.DefaultMavenResourcesFiltering - Copying 1 resource from src\main\resources to target\classes
2024-09-01 16:38:54,955 [Worker-7: Building] INFO  o.a.m.s.f.DefaultMavenResourcesFiltering - skip non existing resourceDirectory C:\Users\손정배\Desktop\Github.Local\chat-workspace\chat\src\test\resources
2024-09-01 16:39:16,190 [Worker-7: Building] INFO  o.a.m.s.f.DefaultMavenResourcesFiltering - Copying 0 resource from src\main\resources to target\classes
2024-09-01 16:39:16,190 [Worker-7: Building] INFO  o.a.m.s.f.DefaultMavenResourcesFiltering - Copying 0 resource from src\main\resources to target\classes
2024-09-01 16:39:16,192 [Worker-7: Building] INFO  o.a.m.s.f.DefaultMavenResourcesFiltering - skip non existing resourceDirectory C:\Users\손정배\Desktop\Github.Local\chat-workspace\chat\src\test\resources
2024-09-01 16:47:59,184 [Worker-39: Import Getting Started Content] INFO  o.e.m.c.i.l.LifecycleMappingFactory - Using org.eclipse.m2e.jdt.JarLifecycleMapping lifecycle mapping for MavenProject: com.chatonline:chatonline:0.0.1-SNAPSHOT @ C:\Users\손정배\Desktop\Github.Local\chat-workspace\chatonline\pom.xml.
2024-09-01 16:47:59,467 [Worker-39: Import Getting Started Content] INFO  o.e.m.j.i.AbstractJavaProjectConfigurator - Adding source folder /chatonline/src/main/java
2024-09-01 16:47:59,468 [Worker-39: Import Getting Started Content] INFO  o.e.m.j.i.AbstractJavaProjectConfigurator - Adding resource folder /chatonline/src/main/resources
2024-09-01 16:47:59,470 [Worker-39: Import Getting Started Content] INFO  o.e.m.j.i.AbstractJavaProjectConfigurator - Adding resource folder /chatonline/src/main/resources
2024-09-01 16:47:59,471 [Worker-39: Import Getting Started Content] INFO  o.e.m.j.i.AbstractJavaProjectConfigurator - Adding source folder /chatonline/src/test/java
2024-09-01 16:47:59,471 [Worker-39: Import Getting Started Content] INFO  o.e.m.j.i.AbstractJavaProjectConfigurator - Adding resource folder /chatonline/src/test/resources
2024-09-01 16:47:59,569 [Worker-39: Import Getting Started Content] INFO  o.e.m.c.i.p.ProjectConfigurationManager - Imported and configured 1 project(s) in 0 sec
2024-09-01 16:47:59,571 [Worker-39: Import Getting Started Content] INFO  o.e.m.c.i.p.ProjectConfigurationManager - Update started
2024-09-01 16:47:59,699 [Worker-39: Import Getting Started Content] INFO  o.e.m.c.i.l.LifecycleMappingFactory - Using org.eclipse.m2e.jdt.JarLifecycleMapping lifecycle mapping for MavenProject: com.chatonline:chatonline:0.0.1-SNAPSHOT @ C:\Users\손정배\Desktop\Github.Local\chat-workspace\chatonline\pom.xml.
2024-09-01 16:47:59,826 [Worker-39: Import Getting Started Content] INFO  o.e.m.j.i.AbstractJavaProjectConfigurator - Adding source folder /chatonline/src/main/java
2024-09-01 16:47:59,827 [Worker-39: Import Getting Started Content] INFO  o.e.m.j.i.AbstractJavaProjectConfigurator - Adding resource folder /chatonline/src/main/resources
2024-09-01 16:47:59,827 [Worker-39: Import Getting Started Content] INFO  o.e.m.j.i.AbstractJavaProjectConfigurator - Adding resource folder /chatonline/src/main/resources
2024-09-01 16:47:59,827 [Worker-39: Import Getting Started Content] INFO  o.e.m.j.i.AbstractJavaProjectConfigurator - Adding source folder /chatonline/src/test/java
2024-09-01 16:47:59,827 [Worker-39: Import Getting Started Content] INFO  o.e.m.j.i.AbstractJavaProjectConfigurator - Adding resource folder /chatonline/src/test/resources
2024-09-01 16:47:59,935 [Worker-39: Import Getting Started Content] INFO  o.e.m.c.i.p.ProjectConfigurationManager - Update completed for 1 poms: local refresh takes 0.00 sec, refresh facades takes 0.00 sec, update config takes 0.00 sec 
2024-09-01 16:48:00,232 [Worker-39: Building] INFO  o.a.m.s.f.DefaultMavenResourcesFiltering - Copying 1 resource from src\main\resources to target\classes
2024-09-01 16:48:00,240 [Worker-39: Building] INFO  o.a.m.s.f.DefaultMavenResourcesFiltering - Copying 0 resource from src\main\resources to target\classes
2024-09-01 16:48:00,243 [Worker-39: Building] INFO  o.a.m.s.f.DefaultMavenResourcesFiltering - skip non existing resourceDirectory C:\Users\손정배\Desktop\Github.Local\chat-workspace\chatonline\src\test\resources
2024-09-01 16:48:32,093 [Worker-41: Building] INFO  o.e.m.c.i.l.LifecycleMappingFactory - Using org.eclipse.m2e.jdt.JarLifecycleMapping lifecycle mapping for MavenProject: com.chatonline:chatonline:0.0.1-SNAPSHOT @ C:\Users\손정배\Desktop\Github.Local\chat-workspace\chatonline\pom.xml.
2024-09-01 16:48:32,235 [Worker-41: Building] INFO  o.e.m.c.i.e.AbstractTransferListenerAdapter - Downloading https://repo.maven.apache.org/maven2/org/springframework/boot/spring-boot-devtools/3.3.3/spring-boot-devtools-3.3.3.pom
2024-09-01 16:48:32,240 [Worker-41: Building] INFO  o.e.m.c.i.e.AbstractTransferListenerAdapter - Downloaded https://repo.maven.apache.org/maven2/org/springframework/boot/spring-boot-devtools/3.3.3/spring-boot-devtools-3.3.3.pom
2024-09-01 16:48:32,249 [Worker-41: Building] INFO  o.e.m.c.i.e.AbstractTransferListenerAdapter - Downloading https://repo.maven.apache.org/maven2/org/apache/tomcat/embed/tomcat-embed-jasper/10.1.28/tomcat-embed-jasper-10.1.28.pom
2024-09-01 16:48:32,251 [Worker-41: Building] INFO  o.e.m.c.i.e.AbstractTransferListenerAdapter - Downloaded https://repo.maven.apache.org/maven2/org/apache/tomcat/embed/tomcat-embed-jasper/10.1.28/tomcat-embed-jasper-10.1.28.pom
2024-09-01 16:48:32,259 [Worker-41: Building] INFO  o.e.m.c.i.e.AbstractTransferListenerAdapter - Downloading https://repo.maven.apache.org/maven2/org/apache/tomcat/tomcat-annotations-api/10.1.28/tomcat-annotations-api-10.1.28.pom
2024-09-01 16:48:32,261 [Worker-41: Building] INFO  o.e.m.c.i.e.AbstractTransferListenerAdapter - Downloaded https://repo.maven.apache.org/maven2/org/apache/tomcat/tomcat-annotations-api/10.1.28/tomcat-annotations-api-10.1.28.pom
2024-09-01 16:48:32,270 [Worker-41: Building] INFO  o.e.m.c.i.e.AbstractTransferListenerAdapter - Downloading https://repo.maven.apache.org/maven2/jakarta/servlet/jsp/jstl/jakarta.servlet.jsp.jstl-api/3.0.1/jakarta.servlet.jsp.jstl-api-3.0.1.pom
2024-09-01 16:48:32,273 [Worker-41: Building] INFO  o.e.m.c.i.e.AbstractTransferListenerAdapter - Downloaded https://repo.maven.apache.org/maven2/jakarta/servlet/jsp/jstl/jakarta.servlet.jsp.jstl-api/3.0.1/jakarta.servlet.jsp.jstl-api-3.0.1.pom
2024-09-01 16:48:32,296 [Worker-41: Building] INFO  o.e.m.c.i.e.AbstractTransferListenerAdapter - Downloading https://repo.maven.apache.org/maven2/org/springframework/boot/spring-boot-starter-mail/3.3.3/spring-boot-starter-mail-3.3.3.pom
2024-09-01 16:48:32,298 [Worker-41: Building] INFO  o.e.m.c.i.e.AbstractTransferListenerAdapter - Downloaded https://repo.maven.apache.org/maven2/org/springframework/boot/spring-boot-starter-mail/3.3.3/spring-boot-starter-mail-3.3.3.pom
2024-09-01 16:48:32,305 [Worker-41: Building] INFO  o.e.m.c.i.e.AbstractTransferListenerAdapter - Downloading https://repo.maven.apache.org/maven2/org/springframework/spring-context-support/6.1.12/spring-context-support-6.1.12.pom
2024-09-01 16:48:32,308 [Worker-41: Building] INFO  o.e.m.c.i.e.AbstractTransferListenerAdapter - Downloaded https://repo.maven.apache.org/maven2/org/springframework/spring-context-support/6.1.12/spring-context-support-6.1.12.pom
2024-09-01 16:48:32,354 [Worker-41: Building] INFO  o.e.m.c.i.e.AbstractTransferListenerAdapter - Downloading https://repo.maven.apache.org/maven2/org/springframework/boot/spring-boot-devtools/3.3.3/spring-boot-devtools-3.3.3.jar
2024-09-01 16:48:32,367 [Worker-41: Building] INFO  o.e.m.c.i.e.AbstractTransferListenerAdapter - Downloaded https://repo.maven.apache.org/maven2/org/springframework/boot/spring-boot-devtools/3.3.3/spring-boot-devtools-3.3.3.jar
2024-09-01 16:48:32,382 [BasicRepositoryConnector-repo.maven.apache.org-0-0] INFO  o.e.m.c.i.e.AbstractTransferListenerAdapter - Downloading https://repo.maven.apache.org/maven2/org/apache/tomcat/embed/tomcat-embed-jasper/10.1.28/tomcat-embed-jasper-10.1.28.jar
2024-09-01 16:48:32,396 [BasicRepositoryConnector-repo.maven.apache.org-0-0] INFO  o.e.m.c.i.e.AbstractTransferListenerAdapter - Downloaded https://repo.maven.apache.org/maven2/org/apache/tomcat/embed/tomcat-embed-jasper/10.1.28/tomcat-embed-jasper-10.1.28.jar
2024-09-01 16:48:32,397 [BasicRepositoryConnector-repo.maven.apache.org-0-2] INFO  o.e.m.c.i.e.AbstractTransferListenerAdapter - Downloading https://repo.maven.apache.org/maven2/jakarta/servlet/jsp/jstl/jakarta.servlet.jsp.jstl-api/3.0.1/jakarta.servlet.jsp.jstl-api-3.0.1.jar
2024-09-01 16:48:32,397 [BasicRepositoryConnector-repo.maven.apache.org-0-3] INFO  o.e.m.c.i.e.AbstractTransferListenerAdapter - Downloading https://repo.maven.apache.org/maven2/org/springframework/boot/spring-boot-starter-mail/3.3.3/spring-boot-starter-mail-3.3.3.jar
2024-09-01 16:48:32,399 [BasicRepositoryConnector-repo.maven.apache.org-0-3] INFO  o.e.m.c.i.e.AbstractTransferListenerAdapter - Downloaded https://repo.maven.apache.org/maven2/org/springframework/boot/spring-boot-starter-mail/3.3.3/spring-boot-starter-mail-3.3.3.jar
2024-09-01 16:48:32,400 [BasicRepositoryConnector-repo.maven.apache.org-0-1] INFO  o.e.m.c.i.e.AbstractTransferListenerAdapter - Downloading https://repo.maven.apache.org/maven2/org/apache/tomcat/tomcat-annotations-api/10.1.28/tomcat-annotations-api-10.1.28.jar
2024-09-01 16:48:32,400 [BasicRepositoryConnector-repo.maven.apache.org-0-4] INFO  o.e.m.c.i.e.AbstractTransferListenerAdapter - Downloading https://repo.maven.apache.org/maven2/org/springframework/spring-context-support/6.1.12/spring-context-support-6.1.12.jar
2024-09-01 16:48:32,402 [BasicRepositoryConnector-repo.maven.apache.org-0-1] INFO  o.e.m.c.i.e.AbstractTransferListenerAdapter - Downloaded https://repo.maven.apache.org/maven2/org/apache/tomcat/tomcat-annotations-api/10.1.28/tomcat-annotations-api-10.1.28.jar
2024-09-01 16:48:32,405 [BasicRepositoryConnector-repo.maven.apache.org-0-2] INFO  o.e.m.c.i.e.AbstractTransferListenerAdapter - Downloaded https://repo.maven.apache.org/maven2/jakarta/servlet/jsp/jstl/jakarta.servlet.jsp.jstl-api/3.0.1/jakarta.servlet.jsp.jstl-api-3.0.1.jar
2024-09-01 16:48:32,413 [BasicRepositoryConnector-repo.maven.apache.org-0-4] INFO  o.e.m.c.i.e.AbstractTransferListenerAdapter - Downloaded https://repo.maven.apache.org/maven2/org/springframework/spring-context-support/6.1.12/spring-context-support-6.1.12.jar
2024-09-01 16:48:32,526 [Worker-41: Building] INFO  o.a.m.s.f.DefaultMavenResourcesFiltering - Copying 0 resource from src\main\resources to target\classes
2024-09-01 16:48:32,527 [Worker-41: Building] INFO  o.a.m.s.f.DefaultMavenResourcesFiltering - Copying 0 resource from src\main\resources to target\classes
2024-09-01 16:48:32,529 [Worker-41: Building] INFO  o.a.m.s.f.DefaultMavenResourcesFiltering - skip non existing resourceDirectory C:\Users\손정배\Desktop\Github.Local\chat-workspace\chatonline\src\test\resources
2024-09-01 16:48:33,490 [Worker-41: Download sources and javadoc] INFO  o.e.m.c.i.e.AbstractTransferListenerAdapter - Downloading https://repo.maven.apache.org/maven2/org/springframework/boot/spring-boot-devtools/3.3.3/spring-boot-devtools-3.3.3-sources.jar
2024-09-01 16:48:33,499 [Worker-41: Download sources and javadoc] INFO  o.e.m.c.i.e.AbstractTransferListenerAdapter - Downloaded https://repo.maven.apache.org/maven2/org/springframework/boot/spring-boot-devtools/3.3.3/spring-boot-devtools-3.3.3-sources.jar
2024-09-01 16:48:33,500 [Worker-41: Download sources and javadoc] INFO  o.e.m.j.internal.DownloadSourcesJob - Downloaded sources for org.springframework.boot:spring-boot-devtools:3.3.3
2024-09-01 16:48:33,518 [Worker-41: Download sources and javadoc] INFO  o.e.m.c.i.e.AbstractTransferListenerAdapter - Downloading https://repo.maven.apache.org/maven2/org/apache/tomcat/embed/tomcat-embed-jasper/10.1.28/tomcat-embed-jasper-10.1.28-sources.jar
2024-09-01 16:48:33,537 [Worker-41: Download sources and javadoc] INFO  o.e.m.c.i.e.AbstractTransferListenerAdapter - Downloaded https://repo.maven.apache.org/maven2/org/apache/tomcat/embed/tomcat-embed-jasper/10.1.28/tomcat-embed-jasper-10.1.28-sources.jar
2024-09-01 16:48:33,539 [Worker-41: Download sources and javadoc] INFO  o.e.m.j.internal.DownloadSourcesJob - Downloaded sources for org.apache.tomcat.embed:tomcat-embed-jasper:10.1.28
2024-09-01 16:48:33,556 [Worker-41: Download sources and javadoc] INFO  o.e.m.c.i.e.AbstractTransferListenerAdapter - Downloading https://repo.maven.apache.org/maven2/org/apache/tomcat/tomcat-annotations-api/10.1.28/tomcat-annotations-api-10.1.28-sources.jar
2024-09-01 16:48:33,558 [Worker-41: Download sources and javadoc] INFO  o.e.m.c.i.e.AbstractTransferListenerAdapter - Downloaded https://repo.maven.apache.org/maven2/org/apache/tomcat/tomcat-annotations-api/10.1.28/tomcat-annotations-api-10.1.28-sources.jar
2024-09-01 16:48:33,560 [Worker-41: Download sources and javadoc] INFO  o.e.m.j.internal.DownloadSourcesJob - Downloaded sources for org.apache.tomcat:tomcat-annotations-api:10.1.28
2024-09-01 16:48:33,578 [Worker-41: Download sources and javadoc] INFO  o.e.m.c.i.e.AbstractTransferListenerAdapter - Downloading https://repo.maven.apache.org/maven2/jakarta/servlet/jsp/jstl/jakarta.servlet.jsp.jstl-api/3.0.1/jakarta.servlet.jsp.jstl-api-3.0.1-sources.jar
2024-09-01 16:48:33,583 [Worker-41: Download sources and javadoc] INFO  o.e.m.c.i.e.AbstractTransferListenerAdapter - Downloaded https://repo.maven.apache.org/maven2/jakarta/servlet/jsp/jstl/jakarta.servlet.jsp.jstl-api/3.0.1/jakarta.servlet.jsp.jstl-api-3.0.1-sources.jar
2024-09-01 16:48:33,584 [Worker-41: Download sources and javadoc] INFO  o.e.m.j.internal.DownloadSourcesJob - Downloaded sources for jakarta.servlet.jsp.jstl:jakarta.servlet.jsp.jstl-api:3.0.1
2024-09-01 16:48:33,600 [Worker-41: Download sources and javadoc] INFO  o.e.m.c.i.e.AbstractTransferListenerAdapter - Downloading https://repo.maven.apache.org/maven2/org/springframework/boot/spring-boot-starter-mail/3.3.3/spring-boot-starter-mail-3.3.3-sources.jar
2024-09-01 16:48:33,601 [Worker-41: Download sources and javadoc] INFO  o.e.m.c.i.e.AbstractTransferListenerAdapter - Downloaded https://repo.maven.apache.org/maven2/org/springframework/boot/spring-boot-starter-mail/3.3.3/spring-boot-starter-mail-3.3.3-sources.jar
2024-09-01 16:48:33,602 [Worker-41: Download sources and javadoc] INFO  o.e.m.j.internal.DownloadSourcesJob - Downloaded sources for org.springframework.boot:spring-boot-starter-mail:3.3.3
2024-09-01 16:48:33,620 [Worker-41: Download sources and javadoc] INFO  o.e.m.c.i.e.AbstractTransferListenerAdapter - Downloading https://repo.maven.apache.org/maven2/org/springframework/spring-context-support/6.1.12/spring-context-support-6.1.12-sources.jar
2024-09-01 16:48:33,629 [Worker-41: Download sources and javadoc] INFO  o.e.m.c.i.e.AbstractTransferListenerAdapter - Downloaded https://repo.maven.apache.org/maven2/org/springframework/spring-context-support/6.1.12/spring-context-support-6.1.12-sources.jar
2024-09-01 16:48:33,630 [Worker-41: Download sources and javadoc] INFO  o.e.m.j.internal.DownloadSourcesJob - Downloaded sources for org.springframework:spring-context-support:6.1.12
2024-09-01 16:48:33,859 [Worker-40: Building] INFO  o.a.m.s.f.DefaultMavenResourcesFiltering - Copying 1 resource from src\main\resources to target\classes
2024-09-01 16:48:33,866 [Worker-40: Building] INFO  o.a.m.s.f.DefaultMavenResourcesFiltering - Copying 0 resource from src\main\resources to target\classes
2024-09-01 16:48:33,868 [Worker-40: Building] INFO  o.a.m.s.f.DefaultMavenResourcesFiltering - skip non existing resourceDirectory C:\Users\손정배\Desktop\Github.Local\chat-workspace\chatonline\src\test\resources
2024-09-01 16:48:47,990 [Worker-39: Building] INFO  o.a.m.s.f.DefaultMavenResourcesFiltering - Copying 1 resource from src\main\resources to target\classes
2024-09-01 16:48:47,993 [Worker-39: Building] INFO  o.a.m.s.f.DefaultMavenResourcesFiltering - Copying 0 resource from src\main\resources to target\classes
2024-09-01 16:48:47,994 [Worker-39: Building] INFO  o.a.m.s.f.DefaultMavenResourcesFiltering - skip non existing resourceDirectory C:\Users\손정배\Desktop\Github.Local\chat-workspace\chatonline\src\test\resources
2024-09-01 16:48:49,078 [Worker-42: Building] INFO  o.a.m.s.f.DefaultMavenResourcesFiltering - Copying 1 resource from src\main\resources to target\classes
2024-09-01 16:48:49,079 [Worker-42: Building] INFO  o.a.m.s.f.DefaultMavenResourcesFiltering - Copying 0 resource from src\main\resources to target\classes
2024-09-01 16:48:49,080 [Worker-42: Building] INFO  o.a.m.s.f.DefaultMavenResourcesFiltering - skip non existing resourceDirectory C:\Users\손정배\Desktop\Github.Local\chat-workspace\chatonline\src\test\resources
2024-09-01 16:49:00,901 [Worker-39: Building] INFO  o.a.m.s.f.DefaultMavenResourcesFiltering - Copying 0 resource from src\main\resources to target\classes
2024-09-01 16:49:00,902 [Worker-39: Building] INFO  o.a.m.s.f.DefaultMavenResourcesFiltering - Copying 1 resource from src\main\resources to target\classes
2024-09-01 16:49:00,904 [Worker-39: Building] INFO  o.a.m.s.f.DefaultMavenResourcesFiltering - skip non existing resourceDirectory C:\Users\손정배\Desktop\Github.Local\chat-workspace\chatonline\src\test\resources
2024-09-01 16:49:14,765 [Worker-33: Building] INFO  o.a.m.s.f.DefaultMavenResourcesFiltering - Copying 1 resource from src\main\resources to target\classes
2024-09-01 16:49:14,766 [Worker-33: Building] INFO  o.a.m.s.f.DefaultMavenResourcesFiltering - Copying 1 resource from src\main\resources to target\classes
2024-09-01 16:49:14,768 [Worker-33: Building] INFO  o.a.m.s.f.DefaultMavenResourcesFiltering - skip non existing resourceDirectory C:\Users\손정배\Desktop\Github.Local\chat-workspace\chatonline\src\test\resources
2024-09-01 16:49:16,728 [Worker-41: Building] INFO  o.a.m.s.f.DefaultMavenResourcesFiltering - Copying 1 resource from src\main\resources to target\classes
2024-09-01 16:49:16,730 [Worker-41: Building] INFO  o.a.m.s.f.DefaultMavenResourcesFiltering - Copying 1 resource from src\main\resources to target\classes
2024-09-01 16:49:16,732 [Worker-41: Building] INFO  o.a.m.s.f.DefaultMavenResourcesFiltering - skip non existing resourceDirectory C:\Users\손정배\Desktop\Github.Local\chat-workspace\chatonline\src\test\resources
2024-09-01 16:49:19,158 [Worker-45: Building] INFO  o.a.m.s.f.DefaultMavenResourcesFiltering - Copying 1 resource from src\main\resources to target\classes
2024-09-01 16:49:19,159 [Worker-45: Building] INFO  o.a.m.s.f.DefaultMavenResourcesFiltering - Copying 1 resource from src\main\resources to target\classes
2024-09-01 16:49:19,160 [Worker-45: Building] INFO  o.a.m.s.f.DefaultMavenResourcesFiltering - skip non existing resourceDirectory C:\Users\손정배\Desktop\Github.Local\chat-workspace\chatonline\src\test\resources
2024-09-01 16:50:05,008 [Worker-45: Building] INFO  o.a.m.s.f.DefaultMavenResourcesFiltering - Copying 0 resource from src\main\resources to target\classes
2024-09-01 16:50:05,009 [Worker-45: Building] INFO  o.a.m.s.f.DefaultMavenResourcesFiltering - Copying 0 resource from src\main\resources to target\classes
2024-09-01 16:50:05,010 [Worker-45: Building] INFO  o.a.m.s.f.DefaultMavenResourcesFiltering - skip non existing resourceDirectory C:\Users\손정배\Desktop\Github.Local\chat-workspace\chatonline\src\test\resources
2024-09-01 16:51:27,711 [Worker-39: Building] INFO  o.a.m.s.f.DefaultMavenResourcesFiltering - Copying 1 resource from src\main\resources to target\classes
2024-09-01 16:51:27,712 [Worker-39: Building] INFO  o.a.m.s.f.DefaultMavenResourcesFiltering - Copying 1 resource from src\main\resources to target\classes
2024-09-01 16:51:27,713 [Worker-39: Building] INFO  o.a.m.s.f.DefaultMavenResourcesFiltering - skip non existing resourceDirectory C:\Users\손정배\Desktop\Github.Local\chat-workspace\chatonline\src\test\resources
2024-09-01 16:51:37,234 [Worker-42: Building] INFO  o.a.m.s.f.DefaultMavenResourcesFiltering - Copying 1 resource from src\main\resources to target\classes
2024-09-01 16:51:37,235 [Worker-42: Building] INFO  o.a.m.s.f.DefaultMavenResourcesFiltering - Copying 1 resource from src\main\resources to target\classes
2024-09-01 16:51:37,236 [Worker-42: Building] INFO  o.a.m.s.f.DefaultMavenResourcesFiltering - skip non existing resourceDirectory C:\Users\손정배\Desktop\Github.Local\chat-workspace\chatonline\src\test\resources
2024-09-01 16:51:45,306 [Worker-42: Building] INFO  o.a.m.s.f.DefaultMavenResourcesFiltering - Copying 1 resource from src\main\resources to target\classes
2024-09-01 16:51:45,307 [Worker-42: Building] INFO  o.a.m.s.f.DefaultMavenResourcesFiltering - Copying 1 resource from src\main\resources to target\classes
2024-09-01 16:51:45,308 [Worker-42: Building] INFO  o.a.m.s.f.DefaultMavenResourcesFiltering - skip non existing resourceDirectory C:\Users\손정배\Desktop\Github.Local\chat-workspace\chatonline\src\test\resources
2024-09-01 16:55:03,766 [Worker-46: Building] INFO  o.a.m.s.f.DefaultMavenResourcesFiltering - Copying 0 resource from src\main\resources to target\classes
2024-09-01 16:55:03,767 [Worker-46: Building] INFO  o.a.m.s.f.DefaultMavenResourcesFiltering - Copying 0 resource from src\main\resources to target\classes
2024-09-01 16:55:03,768 [Worker-46: Building] INFO  o.a.m.s.f.DefaultMavenResourcesFiltering - skip non existing resourceDirectory C:\Users\손정배\Desktop\Github.Local\chat-workspace\chatonline\src\test\resources
2024-09-01 16:55:08,777 [Worker-48: Building] INFO  o.a.m.s.f.DefaultMavenResourcesFiltering - Copying 0 resource from src\main\resources to target\classes
2024-09-01 16:55:08,778 [Worker-48: Building] INFO  o.a.m.s.f.DefaultMavenResourcesFiltering - Copying 0 resource from src\main\resources to target\classes
2024-09-01 16:55:08,779 [Worker-48: Building] INFO  o.a.m.s.f.DefaultMavenResourcesFiltering - skip non existing resourceDirectory C:\Users\손정배\Desktop\Github.Local\chat-workspace\chatonline\src\test\resources
2024-09-01 17:00:09,073 [Worker-50: Building] INFO  o.a.m.s.f.DefaultMavenResourcesFiltering - Copying 0 resource from src\main\resources to target\classes
2024-09-01 17:00:09,073 [Worker-50: Building] INFO  o.a.m.s.f.DefaultMavenResourcesFiltering - Copying 0 resource from src\main\resources to target\classes
2024-09-01 17:00:09,074 [Worker-50: Building] INFO  o.a.m.s.f.DefaultMavenResourcesFiltering - skip non existing resourceDirectory C:\Users\손정배\Desktop\Github.Local\chat-workspace\chatonline\src\test\resources
2024-09-01 17:05:04,060 [Worker-55: Building] INFO  o.e.m.c.i.l.LifecycleMappingFactory - Using org.eclipse.m2e.jdt.JarLifecycleMapping lifecycle mapping for MavenProject: com.chatonline:chatonline:0.0.1-SNAPSHOT @ C:\Users\손정배\Desktop\Github.Local\chat-workspace\chatonline\pom.xml.
2024-09-01 17:05:04,311 [Worker-55: Building] INFO  o.a.m.s.f.DefaultMavenResourcesFiltering - Copying 0 resource from src\main\resources to target\classes
2024-09-01 17:05:04,312 [Worker-55: Building] INFO  o.a.m.s.f.DefaultMavenResourcesFiltering - Copying 0 resource from src\main\resources to target\classes
2024-09-01 17:05:04,315 [Worker-55: Building] INFO  o.a.m.s.f.DefaultMavenResourcesFiltering - skip non existing resourceDirectory C:\Users\손정배\Desktop\Github.Local\chat-workspace\chatonline\src\test\resources
2024-09-01 17:08:41,914 [Worker-57: Building] INFO  o.e.m.c.i.e.AbstractTransferListenerAdapter - Downloading https://repo.maven.apache.org/maven2/org/apache/maven/plugins/maven-compiler-plugin/3.10.1/maven-compiler-plugin-3.10.1.jar
2024-09-01 17:08:41,922 [Worker-57: Building] INFO  o.e.m.c.i.e.AbstractTransferListenerAdapter - Downloaded https://repo.maven.apache.org/maven2/org/apache/maven/plugins/maven-compiler-plugin/3.10.1/maven-compiler-plugin-3.10.1.jar
2024-09-01 17:08:41,937 [Worker-57: Building] INFO  o.e.m.c.i.e.AbstractTransferListenerAdapter - Downloading https://repo.maven.apache.org/maven2/org/apache/maven/plugins/maven-compiler-plugin/3.10.1/maven-compiler-plugin-3.10.1.pom
2024-09-01 17:08:41,939 [Worker-57: Building] INFO  o.e.m.c.i.e.AbstractTransferListenerAdapter - Downloaded https://repo.maven.apache.org/maven2/org/apache/maven/plugins/maven-compiler-plugin/3.10.1/maven-compiler-plugin-3.10.1.pom
2024-09-01 17:08:41,947 [Worker-57: Building] INFO  o.e.m.c.i.e.AbstractTransferListenerAdapter - Downloading https://repo.maven.apache.org/maven2/org/apache/maven/plugins/maven-plugins/34/maven-plugins-34.pom
2024-09-01 17:08:41,949 [Worker-57: Building] INFO  o.e.m.c.i.e.AbstractTransferListenerAdapter - Downloaded https://repo.maven.apache.org/maven2/org/apache/maven/plugins/maven-plugins/34/maven-plugins-34.pom
2024-09-01 17:08:41,979 [Worker-57: Building] INFO  o.e.m.c.i.e.AbstractTransferListenerAdapter - Downloading https://repo.maven.apache.org/maven2/org/apache/maven/shared/maven-shared-utils/3.3.4/maven-shared-utils-3.3.4.pom
2024-09-01 17:08:41,982 [Worker-57: Building] INFO  o.e.m.c.i.e.AbstractTransferListenerAdapter - Downloaded https://repo.maven.apache.org/maven2/org/apache/maven/shared/maven-shared-utils/3.3.4/maven-shared-utils-3.3.4.pom
2024-09-01 17:08:42,000 [Worker-57: Building] INFO  o.e.m.c.i.e.AbstractTransferListenerAdapter - Downloading https://repo.maven.apache.org/maven2/org/codehaus/plexus/plexus-component-annotations/2.0.0/plexus-component-annotations-2.0.0.pom
2024-09-01 17:08:42,002 [Worker-57: Building] INFO  o.e.m.c.i.e.AbstractTransferListenerAdapter - Downloaded https://repo.maven.apache.org/maven2/org/codehaus/plexus/plexus-component-annotations/2.0.0/plexus-component-annotations-2.0.0.pom
2024-09-01 17:08:42,012 [Worker-57: Building] INFO  o.e.m.c.i.e.AbstractTransferListenerAdapter - Downloading https://repo.maven.apache.org/maven2/org/codehaus/plexus/plexus-containers/2.0.0/plexus-containers-2.0.0.pom
2024-09-01 17:08:42,014 [Worker-57: Building] INFO  o.e.m.c.i.e.AbstractTransferListenerAdapter - Downloaded https://repo.maven.apache.org/maven2/org/codehaus/plexus/plexus-containers/2.0.0/plexus-containers-2.0.0.pom
2024-09-01 17:08:42,024 [Worker-57: Building] INFO  o.e.m.c.i.e.AbstractTransferListenerAdapter - Downloading https://repo.maven.apache.org/maven2/org/codehaus/plexus/plexus-java/1.1.1/plexus-java-1.1.1.pom
2024-09-01 17:08:42,026 [Worker-57: Building] INFO  o.e.m.c.i.e.AbstractTransferListenerAdapter - Downloaded https://repo.maven.apache.org/maven2/org/codehaus/plexus/plexus-java/1.1.1/plexus-java-1.1.1.pom
2024-09-01 17:08:42,034 [Worker-57: Building] INFO  o.e.m.c.i.e.AbstractTransferListenerAdapter - Downloading https://repo.maven.apache.org/maven2/org/codehaus/plexus/plexus-languages/1.1.1/plexus-languages-1.1.1.pom
2024-09-01 17:08:42,036 [Worker-57: Building] INFO  o.e.m.c.i.e.AbstractTransferListenerAdapter - Downloaded https://repo.maven.apache.org/maven2/org/codehaus/plexus/plexus-languages/1.1.1/plexus-languages-1.1.1.pom
2024-09-01 17:08:42,046 [Worker-57: Building] INFO  o.e.m.c.i.e.AbstractTransferListenerAdapter - Downloading https://repo.maven.apache.org/maven2/org/codehaus/plexus/plexus/8/plexus-8.pom
2024-09-01 17:08:42,048 [Worker-57: Building] INFO  o.e.m.c.i.e.AbstractTransferListenerAdapter - Downloaded https://repo.maven.apache.org/maven2/org/codehaus/plexus/plexus/8/plexus-8.pom
2024-09-01 17:08:42,056 [Worker-57: Building] INFO  o.e.m.c.i.e.AbstractTransferListenerAdapter - Downloading https://repo.maven.apache.org/maven2/org/ow2/asm/asm/9.2/asm-9.2.pom
2024-09-01 17:08:42,058 [Worker-57: Building] INFO  o.e.m.c.i.e.AbstractTransferListenerAdapter - Downloaded https://repo.maven.apache.org/maven2/org/ow2/asm/asm/9.2/asm-9.2.pom
2024-09-01 17:08:42,066 [Worker-57: Building] INFO  o.e.m.c.i.e.AbstractTransferListenerAdapter - Downloading https://repo.maven.apache.org/maven2/com/thoughtworks/qdox/qdox/2.0.1/qdox-2.0.1.pom
2024-09-01 17:08:42,067 [Worker-57: Building] INFO  o.e.m.c.i.e.AbstractTransferListenerAdapter - Downloaded https://repo.maven.apache.org/maven2/com/thoughtworks/qdox/qdox/2.0.1/qdox-2.0.1.pom
2024-09-01 17:08:42,076 [Worker-57: Building] INFO  o.e.m.c.i.e.AbstractTransferListenerAdapter - Downloading https://repo.maven.apache.org/maven2/org/codehaus/plexus/plexus-compiler-api/2.11.1/plexus-compiler-api-2.11.1.pom
2024-09-01 17:08:42,078 [Worker-57: Building] INFO  o.e.m.c.i.e.AbstractTransferListenerAdapter - Downloaded https://repo.maven.apache.org/maven2/org/codehaus/plexus/plexus-compiler-api/2.11.1/plexus-compiler-api-2.11.1.pom
2024-09-01 17:08:42,086 [Worker-57: Building] INFO  o.e.m.c.i.e.AbstractTransferListenerAdapter - Downloading https://repo.maven.apache.org/maven2/org/codehaus/plexus/plexus-compiler/2.11.1/plexus-compiler-2.11.1.pom
2024-09-01 17:08:42,088 [Worker-57: Building] INFO  o.e.m.c.i.e.AbstractTransferListenerAdapter - Downloaded https://repo.maven.apache.org/maven2/org/codehaus/plexus/plexus-compiler/2.11.1/plexus-compiler-2.11.1.pom
2024-09-01 17:08:42,096 [Worker-57: Building] INFO  o.e.m.c.i.e.AbstractTransferListenerAdapter - Downloading https://repo.maven.apache.org/maven2/org/codehaus/plexus/plexus-components/6.6/plexus-components-6.6.pom
2024-09-01 17:08:42,098 [Worker-57: Building] INFO  o.e.m.c.i.e.AbstractTransferListenerAdapter - Downloaded https://repo.maven.apache.org/maven2/org/codehaus/plexus/plexus-components/6.6/plexus-components-6.6.pom
2024-09-01 17:08:42,105 [Worker-57: Building] INFO  o.e.m.c.i.e.AbstractTransferListenerAdapter - Downloading https://repo.maven.apache.org/maven2/org/junit/junit-bom/5.8.2/junit-bom-5.8.2.pom
2024-09-01 17:08:42,107 [Worker-57: Building] INFO  o.e.m.c.i.e.AbstractTransferListenerAdapter - Downloaded https://repo.maven.apache.org/maven2/org/junit/junit-bom/5.8.2/junit-bom-5.8.2.pom
2024-09-01 17:08:42,115 [Worker-57: Building] INFO  o.e.m.c.i.e.AbstractTransferListenerAdapter - Downloading https://repo.maven.apache.org/maven2/org/codehaus/plexus/plexus-utils/3.4.1/plexus-utils-3.4.1.pom
2024-09-01 17:08:42,118 [Worker-57: Building] INFO  o.e.m.c.i.e.AbstractTransferListenerAdapter - Downloaded https://repo.maven.apache.org/maven2/org/codehaus/plexus/plexus-utils/3.4.1/plexus-utils-3.4.1.pom
2024-09-01 17:08:42,128 [Worker-57: Building] INFO  o.e.m.c.i.e.AbstractTransferListenerAdapter - Downloading https://repo.maven.apache.org/maven2/org/codehaus/plexus/plexus-compiler-manager/2.11.1/plexus-compiler-manager-2.11.1.pom
2024-09-01 17:08:42,130 [Worker-57: Building] INFO  o.e.m.c.i.e.AbstractTransferListenerAdapter - Downloaded https://repo.maven.apache.org/maven2/org/codehaus/plexus/plexus-compiler-manager/2.11.1/plexus-compiler-manager-2.11.1.pom
2024-09-01 17:08:42,137 [Worker-57: Building] INFO  o.e.m.c.i.e.AbstractTransferListenerAdapter - Downloading https://repo.maven.apache.org/maven2/org/codehaus/plexus/plexus-compiler-javac/2.11.1/plexus-compiler-javac-2.11.1.pom
2024-09-01 17:08:42,139 [Worker-57: Building] INFO  o.e.m.c.i.e.AbstractTransferListenerAdapter - Downloaded https://repo.maven.apache.org/maven2/org/codehaus/plexus/plexus-compiler-javac/2.11.1/plexus-compiler-javac-2.11.1.pom
2024-09-01 17:08:42,149 [Worker-57: Building] INFO  o.e.m.c.i.e.AbstractTransferListenerAdapter - Downloading https://repo.maven.apache.org/maven2/org/codehaus/plexus/plexus-compilers/2.11.1/plexus-compilers-2.11.1.pom
2024-09-01 17:08:42,151 [Worker-57: Building] INFO  o.e.m.c.i.e.AbstractTransferListenerAdapter - Downloaded https://repo.maven.apache.org/maven2/org/codehaus/plexus/plexus-compilers/2.11.1/plexus-compilers-2.11.1.pom
2024-09-01 17:08:42,161 [Worker-57: Building] INFO  o.e.m.c.i.e.AbstractTransferListenerAdapter - Downloading https://repo.maven.apache.org/maven2/org/apache/maven/shared/maven-shared-utils/3.3.4/maven-shared-utils-3.3.4.jar
2024-09-01 17:08:42,168 [Worker-57: Building] INFO  o.e.m.c.i.e.AbstractTransferListenerAdapter - Downloaded https://repo.maven.apache.org/maven2/org/apache/maven/shared/maven-shared-utils/3.3.4/maven-shared-utils-3.3.4.jar
2024-09-01 17:08:42,173 [BasicRepositoryConnector-repo.maven.apache.org-1-3] INFO  o.e.m.c.i.e.AbstractTransferListenerAdapter - Downloading https://repo.maven.apache.org/maven2/org/ow2/asm/asm/9.2/asm-9.2.jar
2024-09-01 17:08:42,177 [BasicRepositoryConnector-repo.maven.apache.org-1-3] INFO  o.e.m.c.i.e.AbstractTransferListenerAdapter - Downloaded https://repo.maven.apache.org/maven2/org/ow2/asm/asm/9.2/asm-9.2.jar
2024-09-01 17:08:42,185 [BasicRepositoryConnector-repo.maven.apache.org-1-3] INFO  o.e.m.c.i.e.AbstractTransferListenerAdapter - Downloading https://repo.maven.apache.org/maven2/org/codehaus/plexus/plexus-compiler-api/2.11.1/plexus-compiler-api-2.11.1.jar
2024-09-01 17:08:42,188 [BasicRepositoryConnector-repo.maven.apache.org-1-3] INFO  o.e.m.c.i.e.AbstractTransferListenerAdapter - Downloaded https://repo.maven.apache.org/maven2/org/codehaus/plexus/plexus-compiler-api/2.11.1/plexus-compiler-api-2.11.1.jar
2024-09-01 17:08:42,188 [BasicRepositoryConnector-repo.maven.apache.org-1-0] INFO  o.e.m.c.i.e.AbstractTransferListenerAdapter - Downloading https://repo.maven.apache.org/maven2/commons-io/commons-io/2.6/commons-io-2.6.jar
2024-09-01 17:08:42,188 [BasicRepositoryConnector-repo.maven.apache.org-1-2] INFO  o.e.m.c.i.e.AbstractTransferListenerAdapter - Downloading https://repo.maven.apache.org/maven2/org/codehaus/plexus/plexus-java/1.1.1/plexus-java-1.1.1.jar
2024-09-01 17:08:42,190 [BasicRepositoryConnector-repo.maven.apache.org-1-4] INFO  o.e.m.c.i.e.AbstractTransferListenerAdapter - Downloading https://repo.maven.apache.org/maven2/com/thoughtworks/qdox/qdox/2.0.1/qdox-2.0.1.jar
2024-09-01 17:08:42,190 [BasicRepositoryConnector-repo.maven.apache.org-1-1] INFO  o.e.m.c.i.e.AbstractTransferListenerAdapter - Downloading https://repo.maven.apache.org/maven2/org/codehaus/plexus/plexus-component-annotations/2.0.0/plexus-component-annotations-2.0.0.jar
2024-09-01 17:08:42,191 [BasicRepositoryConnector-repo.maven.apache.org-1-3] INFO  o.e.m.c.i.e.AbstractTransferListenerAdapter - Downloading https://repo.maven.apache.org/maven2/org/codehaus/plexus/plexus-utils/3.4.1/plexus-utils-3.4.1.jar
2024-09-01 17:08:42,192 [BasicRepositoryConnector-repo.maven.apache.org-1-1] INFO  o.e.m.c.i.e.AbstractTransferListenerAdapter - Downloaded https://repo.maven.apache.org/maven2/org/codehaus/plexus/plexus-component-annotations/2.0.0/plexus-component-annotations-2.0.0.jar
2024-09-01 17:08:42,197 [BasicRepositoryConnector-repo.maven.apache.org-1-2] INFO  o.e.m.c.i.e.AbstractTransferListenerAdapter - Downloaded https://repo.maven.apache.org/maven2/org/codehaus/plexus/plexus-java/1.1.1/plexus-java-1.1.1.jar
2024-09-01 17:08:42,200 [BasicRepositoryConnector-repo.maven.apache.org-1-1] INFO  o.e.m.c.i.e.AbstractTransferListenerAdapter - Downloading https://repo.maven.apache.org/maven2/org/codehaus/plexus/plexus-compiler-manager/2.11.1/plexus-compiler-manager-2.11.1.jar
2024-09-01 17:08:42,200 [BasicRepositoryConnector-repo.maven.apache.org-1-3] INFO  o.e.m.c.i.e.AbstractTransferListenerAdapter - Downloaded https://repo.maven.apache.org/maven2/org/codehaus/plexus/plexus-utils/3.4.1/plexus-utils-3.4.1.jar
2024-09-01 17:08:42,202 [BasicRepositoryConnector-repo.maven.apache.org-1-1] INFO  o.e.m.c.i.e.AbstractTransferListenerAdapter - Downloaded https://repo.maven.apache.org/maven2/org/codehaus/plexus/plexus-compiler-manager/2.11.1/plexus-compiler-manager-2.11.1.jar
2024-09-01 17:08:42,211 [BasicRepositoryConnector-repo.maven.apache.org-1-2] INFO  o.e.m.c.i.e.AbstractTransferListenerAdapter - Downloading https://repo.maven.apache.org/maven2/org/codehaus/plexus/plexus-compiler-javac/2.11.1/plexus-compiler-javac-2.11.1.jar
2024-09-01 17:08:42,212 [BasicRepositoryConnector-repo.maven.apache.org-1-0] INFO  o.e.m.c.i.e.AbstractTransferListenerAdapter - Downloaded https://repo.maven.apache.org/maven2/commons-io/commons-io/2.6/commons-io-2.6.jar
2024-09-01 17:08:42,213 [BasicRepositoryConnector-repo.maven.apache.org-1-2] INFO  o.e.m.c.i.e.AbstractTransferListenerAdapter - Downloaded https://repo.maven.apache.org/maven2/org/codehaus/plexus/plexus-compiler-javac/2.11.1/plexus-compiler-javac-2.11.1.jar
2024-09-01 17:08:42,218 [BasicRepositoryConnector-repo.maven.apache.org-1-4] INFO  o.e.m.c.i.e.AbstractTransferListenerAdapter - Downloaded https://repo.maven.apache.org/maven2/com/thoughtworks/qdox/qdox/2.0.1/qdox-2.0.1.jar
2024-09-01 17:08:42,252 [Worker-57: Building] INFO  o.e.m.c.i.l.LifecycleMappingFactory - Using org.eclipse.m2e.jdt.JarLifecycleMapping lifecycle mapping for MavenProject: com.chatonline:chatonline:0.0.1-SNAPSHOT @ C:\Users\손정배\Desktop\Github.Local\chat-workspace\chatonline\pom.xml.
2024-09-01 17:08:42,450 [Worker-57: Building] INFO  o.a.m.s.f.DefaultMavenResourcesFiltering - Copying 0 resource from src\main\resources to target\classes
2024-09-01 17:08:42,450 [Worker-57: Building] INFO  o.a.m.s.f.DefaultMavenResourcesFiltering - Copying 0 resource from src\main\resources to target\classes
2024-09-01 17:08:42,452 [Worker-57: Building] INFO  o.a.m.s.f.DefaultMavenResourcesFiltering - skip non existing resourceDirectory C:\Users\손정배\Desktop\Github.Local\chat-workspace\chatonline\src\test\resources
2024-09-01 17:08:42,474 [Worker-41: Updating Maven Project] INFO  o.e.m.c.i.p.ProjectConfigurationManager - Update started
2024-09-01 17:08:42,587 [Worker-41: Updating Maven Project] INFO  o.e.m.c.i.l.LifecycleMappingFactory - Using org.eclipse.m2e.jdt.JarLifecycleMapping lifecycle mapping for MavenProject: com.chatonline:chatonline:0.0.1-SNAPSHOT @ C:\Users\손정배\Desktop\Github.Local\chat-workspace\chatonline\pom.xml.
2024-09-01 17:08:42,736 [Worker-41: Updating Maven Project] INFO  o.e.m.j.i.AbstractJavaProjectConfigurator - Adding source folder /chatonline/src/main/java
2024-09-01 17:08:42,737 [Worker-41: Updating Maven Project] INFO  o.e.m.j.i.AbstractJavaProjectConfigurator - Adding resource folder /chatonline/src/main/resources
2024-09-01 17:08:42,737 [Worker-41: Updating Maven Project] INFO  o.e.m.j.i.AbstractJavaProjectConfigurator - Adding resource folder /chatonline/src/main/resources
2024-09-01 17:08:42,737 [Worker-41: Updating Maven Project] INFO  o.e.m.j.i.AbstractJavaProjectConfigurator - Adding source folder /chatonline/src/test/java
2024-09-01 17:08:42,737 [Worker-41: Updating Maven Project] INFO  o.e.m.j.i.AbstractJavaProjectConfigurator - Adding resource folder /chatonline/src/test/resources
2024-09-01 17:08:42,925 [Worker-41: Updating Maven Project] INFO  o.e.m.c.i.p.ProjectConfigurationManager - Update completed for 1 poms: local refresh takes 0.00 sec, refresh facades takes 0.00 sec, update config takes 0.00 sec 
2024-09-01 17:08:43,618 [Worker-56: Building] INFO  o.a.m.s.f.DefaultMavenResourcesFiltering - Copying 1 resource from src\main\resources to target\classes
2024-09-01 17:08:43,624 [Worker-56: Building] INFO  o.a.m.s.f.DefaultMavenResourcesFiltering - Copying 1 resource from src\main\resources to target\classes
2024-09-01 17:08:43,627 [Worker-56: Building] INFO  o.a.m.s.f.DefaultMavenResourcesFiltering - skip non existing resourceDirectory C:\Users\손정배\Desktop\Github.Local\chat-workspace\chatonline\src\test\resources
2024-09-01 17:16:01,823 [Worker-7: Loading available Gradle versions] INFO  o.e.b.c.i.u.g.PublishedGradleVersions - Gradle version information cache is up-to-date. Trying to read.
2024-09-01 17:16:02,175 [Worker-8: Decoration Calculation] WARN  org.eclipse.jgit.util.FS_Win32 - Exception caught during execution of command '[bash, --login, -c, which git]' in 'C:\Users\손정배', return code '1', error message '<3>WSL (1400) ERROR: CreateProcessEntryCommon:505: execvpe /bin/bash failed 2
<3>WSL (1400) ERROR: CreateProcessEntryCommon:508: Create process not expected to return
'
